[    0.000000] Linux version 4.15.0-96-generic (buildd@lgw01-amd64-004) (gcc version 7.5.0 (Ubuntu 7.5.0-3ubuntu1~18.04)) #97-Ubuntu SMP Wed Apr 1 03:25:46 UTC 2020 (Ubuntu 4.15.0-96.97-generic 4.15.18)
[    0.000000] Command line: BOOT_IMAGE=/boot/vmlinuz-4.15.0-96-generic root=LABEL=cloudimg-rootfs ro console=tty1 console=ttyS0
[    0.000000] KERNEL supported cpus:
[    0.000000]   Intel GenuineIntel
[    0.000000]   AMD AuthenticAMD
[    0.000000]   Centaur CentaurHauls
[    0.000000] x86/fpu: Supporting XSAVE feature 0x001: 'x87 floating point registers'
[    0.000000] x86/fpu: Supporting XSAVE feature 0x002: 'SSE registers'
[    0.000000] x86/fpu: Supporting XSAVE feature 0x004: 'AVX registers'
[    0.000000] x86/fpu: xstate_offset[2]:  576, xstate_sizes[2]:  256
[    0.000000] x86/fpu: Enabled xstate features 0x7, context size is 832 bytes, using 'standard' format.
[    0.000000] e820: BIOS-provided physical RAM map:
[    0.000000] BIOS-e820: [mem 0x0000000000000000-0x000000000009fbff] usable
[    0.000000] BIOS-e820: [mem 0x000000000009fc00-0x000000000009ffff] reserved
[    0.000000] BIOS-e820: [mem 0x00000000000f0000-0x00000000000fffff] reserved
[    0.000000] BIOS-e820: [mem 0x0000000000100000-0x0000000063feffff] usable
[    0.000000] BIOS-e820: [mem 0x0000000063ff0000-0x0000000063ffffff] ACPI data
[    0.000000] BIOS-e820: [mem 0x00000000fec00000-0x00000000fec00fff] reserved
[    0.000000] BIOS-e820: [mem 0x00000000fee00000-0x00000000fee00fff] reserved
[    0.000000] BIOS-e820: [mem 0x00000000fffc0000-0x00000000ffffffff] reserved
[    0.000000] NX (Execute Disable) protection: active
[    0.000000] SMBIOS 2.5 present.
[    0.000000] DMI: innotek GmbH VirtualBox/VirtualBox, BIOS VirtualBox 12/01/2006
[    0.000000] Hypervisor detected: KVM
[    0.000000] e820: last_pfn = 0x63ff0 max_arch_pfn = 0x400000000
[    0.000000] MTRR: Disabled
[    0.000000] x86/PAT: MTRRs disabled, skipping PAT initialization too.
[    0.000000] CPU MTRRs all blank - virtualized system.
[    0.000000] x86/PAT: Configuration [0-7]: WB  WT  UC- UC  WB  WT  UC- UC  
[    0.000000] found SMP MP-table at [mem 0x0009fff0-0x0009ffff]
[    0.000000] Scanning 1 areas for low memory corruption
[    0.000000] RAMDISK: [mem 0x35a6b000-0x36d2cfff]
[    0.000000] ACPI: Early table checksum verification disabled
[    0.000000] ACPI: RSDP 0x00000000000E0000 000024 (v02 VBOX  )
[    0.000000] ACPI: XSDT 0x0000000063FF0030 00003C (v01 VBOX   VBOXXSDT 00000001 ASL  00000061)
[    0.000000] ACPI: FACP 0x0000000063FF00F0 0000F4 (v04 VBOX   VBOXFACP 00000001 ASL  00000061)
[    0.000000] ACPI: DSDT 0x0000000063FF0470 002325 (v02 VBOX   VBOXBIOS 00000002 INTL 20200430)
[    0.000000] ACPI: FACS 0x0000000063FF0200 000040
[    0.000000] ACPI: FACS 0x0000000063FF0200 000040
[    0.000000] ACPI: APIC 0x0000000063FF0240 000054 (v02 VBOX   VBOXAPIC 00000001 ASL  00000061)
[    0.000000] ACPI: SSDT 0x0000000063FF02A0 0001CC (v01 VBOX   VBOXCPUT 00000002 INTL 20200430)
[    0.000000] No NUMA configuration found
[    0.000000] Faking a node at [mem 0x0000000000000000-0x0000000063feffff]
[    0.000000] NODE_DATA(0) allocated [mem 0x63fc5000-0x63feffff]
[    0.000000] kvm-clock: cpu 0, msr 0:63f44001, primary cpu clock
[    0.000000] kvm-clock: Using msrs 4b564d01 and 4b564d00
[    0.000000] kvm-clock: using sched offset of 3436421826 cycles
[    0.000000] clocksource: kvm-clock: mask: 0xffffffffffffffff max_cycles: 0x1cd42e4dffb, max_idle_ns: 881590591483 ns
[    0.000000] Zone ranges:
[    0.000000]   DMA      [mem 0x0000000000001000-0x0000000000ffffff]
[    0.000000]   DMA32    [mem 0x0000000001000000-0x0000000063feffff]
[    0.000000]   Normal   empty
[    0.000000]   Device   empty
[    0.000000] Movable zone start for each node
[    0.000000] Early memory node ranges
[    0.000000]   node   0: [mem 0x0000000000001000-0x000000000009efff]
[    0.000000]   node   0: [mem 0x0000000000100000-0x0000000063feffff]
[    0.000000] Reserved but unavailable: 98 pages
[    0.000000] Initmem setup node 0 [mem 0x0000000000001000-0x0000000063feffff]
[    0.000000] ACPI: PM-Timer IO Port: 0x4008
[    0.000000] IOAPIC[0]: apic_id 1, version 32, address 0xfec00000, GSI 0-23
[    0.000000] ACPI: INT_SRC_OVR (bus 0 bus_irq 0 global_irq 2 dfl dfl)
[    0.000000] ACPI: INT_SRC_OVR (bus 0 bus_irq 9 global_irq 9 low level)
[    0.000000] Using ACPI (MADT) for SMP configuration information
[    0.000000] smpboot: Allowing 1 CPUs, 0 hotplug CPUs
[    0.000000] PM: Registered nosave memory: [mem 0x00000000-0x00000fff]
[    0.000000] PM: Registered nosave memory: [mem 0x0009f000-0x0009ffff]
[    0.000000] PM: Registered nosave memory: [mem 0x000a0000-0x000effff]
[    0.000000] PM: Registered nosave memory: [mem 0x000f0000-0x000fffff]
[    0.000000] e820: [mem 0x64000000-0xfebfffff] available for PCI devices
[    0.000000] Booting paravirtualized kernel on KVM
[    0.000000] clocksource: refined-jiffies: mask: 0xffffffff max_cycles: 0xffffffff, max_idle_ns: 7645519600211568 ns
[    0.000000] random: get_random_bytes called from start_kernel+0x99/0x4fd with crng_init=0
[    0.000000] setup_percpu: NR_CPUS:8192 nr_cpumask_bits:1 nr_cpu_ids:1 nr_node_ids:1
[    0.000000] percpu: Embedded 45 pages/cpu s147456 r8192 d28672 u2097152
[    0.000000] PV qspinlock hash table entries: 256 (order: 0, 4096 bytes)
[    0.000000] Built 1 zonelists, mobility grouping on.  Total pages: 403065
[    0.000000] Policy zone: DMA32
[    0.000000] Kernel command line: BOOT_IMAGE=/boot/vmlinuz-4.15.0-96-generic root=LABEL=cloudimg-rootfs ro console=tty1 console=ttyS0
[    0.000000] Memory: 1562824K/1637944K available (12300K kernel code, 2481K rwdata, 4264K rodata, 2432K init, 2712K bss, 75120K reserved, 0K cma-reserved)
[    0.000000] SLUB: HWalign=64, Order=0-3, MinObjects=0, CPUs=1, Nodes=1
[    0.000000] Kernel/User page tables isolation: enabled
[    0.000000] ftrace: allocating 39351 entries in 154 pages
[    0.004000] Hierarchical RCU implementation.
[    0.004000] 	RCU restricting CPUs from NR_CPUS=8192 to nr_cpu_ids=1.
[    0.004000] 	Tasks RCU enabled.
[    0.004000] RCU: Adjusting geometry for rcu_fanout_leaf=16, nr_cpu_ids=1
[    0.004000] NR_IRQS: 524544, nr_irqs: 256, preallocated irqs: 16
[    0.004000] Console: colour VGA+ 80x25
[    0.004000] console [tty1] enabled
[    0.004000] console [ttyS0] enabled
[    0.004000] ACPI: Core revision 20170831
[    0.004000] ACPI: 2 ACPI AML tables successfully acquired and loaded
[    0.004000] APIC: Switch to symmetric I/O mode setup
[    0.004000] x2apic enabled
[    0.004000] Switched APIC routing to physical x2apic.
[    0.004000] ..TIMER: vector=0x30 apic1=0 pin1=2 apic2=-1 pin2=-1
[    0.004000] tsc: Detected 2591.998 MHz processor
[    0.004022] Calibrating delay loop (skipped) preset value.. 5183.99 BogoMIPS (lpj=10367992)
[    0.005093] pid_max: default: 32768 minimum: 301
[    0.005771] Security Framework initialized
[    0.006513] Yama: becoming mindful.
[    0.008030] AppArmor: AppArmor initialized
[    0.009245] Dentry cache hash table entries: 262144 (order: 9, 2097152 bytes)
[    0.010800] Inode-cache hash table entries: 131072 (order: 8, 1048576 bytes)
[    0.011690] Mount-cache hash table entries: 4096 (order: 3, 32768 bytes)
[    0.012008] Mountpoint-cache hash table entries: 4096 (order: 3, 32768 bytes)
[    0.013153] process: using mwait in idle threads
[    0.013788] Last level iTLB entries: 4KB 64, 2MB 8, 4MB 8
[    0.014582] Last level dTLB entries: 4KB 64, 2MB 0, 4MB 0, 1GB 4
[    0.016002] Spectre V1 : Mitigation: usercopy/swapgs barriers and __user pointer sanitization
[    0.017110] Spectre V2 : Mitigation: Full generic retpoline
[    0.017910] Spectre V2 : Spectre v2 / SpectreRSB mitigation: Filling RSB on context switch
[    0.018989] Speculative Store Bypass: Vulnerable
[    0.019675] MDS: Vulnerable: Clear CPU buffers attempted, no microcode
[    0.033332] Freeing SMP alternatives memory: 36K
[    0.144506] smpboot: CPU0: Intel(R) Core(TM) i7-6700HQ CPU @ 2.60GHz (family: 0x6, model: 0x5e, stepping: 0x3)
[    0.145802] Performance Events: unsupported p6 CPU model 94 no PMU driver, software events only.
[    0.147028] Hierarchical SRCU implementation.
[    0.148000] NMI watchdog: Perf event create on CPU 0 failed with -2
[    0.148002] NMI watchdog: Perf NMI watchdog permanently disabled
[    0.148887] smp: Bringing up secondary CPUs ...
[    0.149464] smp: Brought up 1 node, 1 CPU
[    0.150120] smpboot: Max logical packages: 1
[    0.150684] smpboot: Total of 1 processors activated (5183.99 BogoMIPS)
[    0.151708] devtmpfs: initialized
[    0.152045] x86/mm: Memory block size: 128MB
[    0.152833] evm: security.selinux
[    0.153354] evm: security.SMACK64
[    0.153923] evm: security.SMACK64EXEC
[    0.154426] evm: security.SMACK64TRANSMUTE
[    0.155010] evm: security.SMACK64MMAP
[    0.155622] evm: security.apparmor
[    0.156006] evm: security.ima
[    0.156395] evm: security.capability
[    0.156956] clocksource: jiffies: mask: 0xffffffff max_cycles: 0xffffffff, max_idle_ns: 7645041785100000 ns
[    0.158096] futex hash table entries: 256 (order: 2, 16384 bytes)
[    0.160051] pinctrl core: initialized pinctrl subsystem
[    0.160858] RTC time:  9:40:39, date: 06/12/20
[    0.161559] NET: Registered protocol family 16
[    0.162235] audit: initializing netlink subsys (disabled)
[    0.163046] cpuidle: using governor ladder
[    0.163571] cpuidle: using governor menu
[    0.164036] ACPI: bus type PCI registered
[    0.164639] acpiphp: ACPI Hot Plug PCI Controller Driver version: 0.5
[    0.165533] PCI: Using configuration type 1 for base access
[    0.166340] audit: type=2000 audit(1591954844.985:1): state=initialized audit_enabled=0 res=1
[    0.168363] HugeTLB registered 2.00 MiB page size, pre-allocated 0 pages
[    0.169417] ACPI: Added _OSI(Module Device)
[    0.169958] ACPI: Added _OSI(Processor Device)
[    0.170539] ACPI: Added _OSI(3.0 _SCP Extensions)
[    0.171157] ACPI: Added _OSI(Processor Aggregator Device)
[    0.171812] ACPI: Added _OSI(Linux-Dell-Video)
[    0.172013] ACPI: Added _OSI(Linux-Lenovo-NV-HDMI-Audio)
[    0.172809] ACPI: Added _OSI(Linux-HPI-Hybrid-Graphics)
[    0.173701] ACPI: Executed 1 blocks of module-level executable AML code
[    0.177636] ACPI: Interpreter enabled
[    0.178227] ACPI: (supports S0 S5)
[    0.178756] ACPI: Using IOAPIC for interrupt routing
[    0.179662] PCI: Using host bridge windows from ACPI; if necessary, use "pci=nocrs" and report a bug
[    0.180153] ACPI: Enabled 2 GPEs in block 00 to 07
[    0.188425] ACPI: PCI Root Bridge [PCI0] (domain 0000 [bus 00-ff])
[    0.189324] acpi PNP0A03:00: _OSC: OS supports [ASPM ClockPM Segments MSI]
[    0.190756] acpi PNP0A03:00: _OSC: not requesting OS control; OS requires [ExtendedConfig ASPM ClockPM MSI]
[    0.192000] acpi PNP0A03:00: fail to add MMCONFIG information, can't access extended PCI configuration space under this bridge.
[    0.192358] PCI host bridge to bus 0000:00
[    0.192938] pci_bus 0000:00: root bus resource [io  0x0000-0x0cf7 window]
[    0.193852] pci_bus 0000:00: root bus resource [io  0x0d00-0xffff window]
[    0.194764] pci_bus 0000:00: root bus resource [mem 0x000a0000-0x000bffff window]
[    0.196003] pci_bus 0000:00: root bus resource [mem 0x64000000-0xfdffffff window]
[    0.197060] pci_bus 0000:00: root bus resource [bus 00-ff]
[    0.200155] pci 0000:00:01.1: legacy IDE quirk: reg 0x10: [io  0x01f0-0x01f7]
[    0.201055] pci 0000:00:01.1: legacy IDE quirk: reg 0x14: [io  0x03f6]
[    0.201939] pci 0000:00:01.1: legacy IDE quirk: reg 0x18: [io  0x0170-0x0177]
[    0.202897] pci 0000:00:01.1: legacy IDE quirk: reg 0x1c: [io  0x0376]
[    0.215058] pci 0000:00:07.0: quirk: [io  0x4000-0x403f] claimed by PIIX4 ACPI
[    0.216012] pci 0000:00:07.0: quirk: [io  0x4100-0x410f] claimed by PIIX4 SMB
[    0.222340] ACPI: PCI Interrupt Link [LNKA] (IRQs 5 9 10 *11)
[    0.223395] ACPI: PCI Interrupt Link [LNKB] (IRQs 5 9 *10 11)
[    0.224094] ACPI: PCI Interrupt Link [LNKC] (IRQs 5 *9 10 11)
[    0.224913] ACPI: PCI Interrupt Link [LNKD] (IRQs 5 9 10 *11)
[    0.225992] SCSI subsystem initialized
[    0.226621] pci 0000:00:02.0: vgaarb: setting as boot VGA device
[    0.227409] pci 0000:00:02.0: vgaarb: VGA device added: decodes=io+mem,owns=io+mem,locks=none
[    0.228003] pci 0000:00:02.0: vgaarb: bridge control possible
[    0.228724] vgaarb: loaded
[    0.229164] ACPI: bus type USB registered
[    0.229726] usbcore: registered new interface driver usbfs
[    0.230417] usbcore: registered new interface driver hub
[    0.232012] usbcore: registered new device driver usb
[    0.232650] EDAC MC: Ver: 3.0.0
[    0.233300] PCI: Using ACPI for IRQ routing
[    0.234068] NetLabel: Initializing
[    0.234550] NetLabel:  domain hash size = 128
[    0.235128] NetLabel:  protocols = UNLABELED CIPSOv4 CALIPSO
[    0.235858] NetLabel:  unlabeled traffic allowed by default
[    0.236095] clocksource: Switched to clocksource kvm-clock
[    0.246364] VFS: Disk quotas dquot_6.6.0
[    0.247012] VFS: Dquot-cache hash table entries: 512 (order 0, 4096 bytes)
[    0.248047] AppArmor: AppArmor Filesystem Enabled
[    0.248704] pnp: PnP ACPI init
[    0.250063] pnp: PnP ACPI: found 3 devices
[    0.256067] clocksource: acpi_pm: mask: 0xffffff max_cycles: 0xffffff, max_idle_ns: 2085701024 ns
[    0.257231] NET: Registered protocol family 2
[    0.257964] TCP established hash table entries: 16384 (order: 5, 131072 bytes)
[    0.258941] TCP bind hash table entries: 16384 (order: 6, 262144 bytes)
[    0.259802] TCP: Hash tables configured (established 16384 bind 16384)
[    0.260683] UDP hash table entries: 1024 (order: 3, 32768 bytes)
[    0.261462] UDP-Lite hash table entries: 1024 (order: 3, 32768 bytes)
[    0.262286] NET: Registered protocol family 1
[    0.262832] pci 0000:00:00.0: Limiting direct PCI/PCI transfers
[    0.263605] pci 0000:00:01.0: Activating ISA DMA hang workarounds
[    0.264424] pci 0000:00:02.0: Video device with shadowed ROM at [mem 0x000c0000-0x000dffff]
[    0.265531] Unpacking initramfs...
[    0.507970] Freeing initrd memory: 19208K
[    0.514820] clocksource: tsc: mask: 0xffffffffffffffff max_cycles: 0x255cb518234, max_idle_ns: 440795279333 ns
[    0.516115] platform rtc_cmos: registered platform RTC device (no PNP device found)
[    0.517106] Scanning for low memory corruption every 60 seconds
[    0.518303] Initialise system trusted keyrings
[    0.519033] Key type blacklist registered
[    0.519701] workingset: timestamp_bits=36 max_order=19 bucket_order=0
[    0.521369] zbud: loaded
[    0.522106] squashfs: version 4.0 (2009/01/31) Phillip Lougher
[    0.522942] fuse init (API version 7.26)
[    0.524115] Key type asymmetric registered
[    0.524685] Asymmetric key parser 'x509' registered
[    0.525366] Block layer SCSI generic (bsg) driver version 0.4 loaded (major 246)
[    0.526342] io scheduler noop registered
[    0.526950] io scheduler deadline registered
[    0.527539] io scheduler cfq registered (default)
[    0.528369] ACPI: AC Adapter [AC] (on-line)
[    0.529126] input: Power Button as /devices/LNXSYSTM:00/LNXPWRBN:00/input/input0
[    0.530019] ACPI: Power Button [PWRF]
[    0.530637] input: Sleep Button as /devices/LNXSYSTM:00/LNXSLPBN:00/input/input1
[    0.531561] ACPI: Sleep Button [SLPF]
[    0.533034] virtio-pci 0000:00:03.0: virtio_pci: leaving for legacy driver
[    0.534927] virtio-pci 0000:00:08.0: virtio_pci: leaving for legacy driver
[    0.536035] Serial: 8250/16550 driver, 32 ports, IRQ sharing enabled
[    0.557346] 00:02: ttyS0 at I/O 0x3f8 (irq = 4, base_baud = 115200) is a 16550A
[    0.559397] Linux agpgart interface v0.103
[    0.560759] loop: module loaded
[    0.561606] scsi host0: ata_piix
[    0.562170] scsi host1: ata_piix
[    0.562639] ata1: PATA max UDMA/33 cmd 0x1f0 ctl 0x3f6 bmdma 0xd000 irq 14
[    0.563454] ata2: PATA max UDMA/33 cmd 0x170 ctl 0x376 bmdma 0xd008 irq 15
[    0.564505] libphy: Fixed MDIO Bus: probed
[    0.565172] tun: Universal TUN/TAP device driver, 1.6
[    0.565905] PPP generic driver version 2.4.2
[    0.566502] ehci_hcd: USB 2.0 'Enhanced' Host Controller (EHCI) Driver
[    0.567274] ehci-pci: EHCI PCI platform driver
[    0.567907] ehci-platform: EHCI generic platform driver
[    0.568743] ohci_hcd: USB 1.1 'Open' Host Controller (OHCI) Driver
[    0.569529] ohci-pci: OHCI PCI platform driver
[    0.570092] ohci-platform: OHCI generic platform driver
[    0.570695] uhci_hcd: USB Universal Host Controller Interface driver
[    0.571506] i8042: PNP: PS/2 Controller [PNP0303:PS2K,PNP0f03:PS2M] at 0x60,0x64 irq 1,12
[    0.572927] serio: i8042 KBD port at 0x60,0x64 irq 1
[    0.573568] serio: i8042 AUX port at 0x60,0x64 irq 12
[    0.574235] mousedev: PS/2 mouse device common for all mice
[    0.575099] input: AT Translated Set 2 keyboard as /devices/platform/i8042/serio0/input/input2
[    0.576484] rtc_cmos rtc_cmos: rtc core: registered rtc_cmos as rtc0
[    0.577255] rtc_cmos rtc_cmos: alarms up to one day, 114 bytes nvram
[    0.578146] i2c /dev entries driver
[    0.578708] device-mapper: uevent: version 1.0.3
[    0.579383] device-mapper: ioctl: 4.37.0-ioctl (2017-09-20) initialised: dm-devel@redhat.com
[    0.580399] ledtrig-cpu: registered to indicate activity on CPUs
[    0.581216] intel_pmc_core:  initialized
[    0.581893] NET: Registered protocol family 10
[    0.584793] Segment Routing with IPv6
[    0.585321] NET: Registered protocol family 17
[    0.585957] Key type dns_resolver registered
[    0.586575] mce: Using 0 MCE banks
[    0.587059] RAS: Correctable Errors collector initialized.
[    0.587730] sched_clock: Marking stable (584281258, 0)->(703366366, -119085108)
[    0.588916] registered taskstats version 1
[    0.589415] Loading compiled-in X.509 certificates
[    0.591618] Loaded X.509 cert 'Build time autogenerated kernel key: 244b473b43e18b01f00e37a87f2ecd28620f0244'
[    0.592883] zswap: loaded using pool lzo/zbud
[    0.595534] Key type big_key registered
[    0.596062] Key type trusted registered
[    0.597669] Key type encrypted registered
[    0.598226] AppArmor: AppArmor sha1 policy hashing enabled
[    0.598963] ima: No TPM chip found, activating TPM-bypass! (rc=-19)
[    0.599698] ima: Allocated hash algorithm: sha1
[    0.600323] evm: HMAC attrs: 0x1
[    0.600909]   Magic number: 8:985:676
[    0.601457] rtc_cmos rtc_cmos: setting system clock to 2020-06-12 09:40:40 UTC (1591954840)
[    0.602486] BIOS EDD facility v0.16 2004-Jun-25, 0 devices found
[    0.603346] EDD information not available.
[    0.758253] Freeing unused kernel image memory: 2432K
[    0.764117] Write protecting the kernel read-only data: 20480k
[    0.766105] Freeing unused kernel image memory: 2008K
[    0.767681] Freeing unused kernel image memory: 1880K
[    0.776575] x86/mm: Checked W+X mappings: passed, no W+X pages found.
[    0.777551] x86/mm: Checking user space page tables
[    0.784126] x86/mm: Checked W+X mappings: passed, no W+X pages found.
Loading, please wait...
starting version 237
[    0.868926] Fusion MPT base driver 3.04.20
[    0.869623] Copyright (c) 1999-2008 LSI Corporation
[    0.879568] Fusion MPT SPI Host driver 3.04.20
[    0.907814] mptbase: ioc0: Initiating bringup
[    0.914833] AVX2 version of gcm_enc/dec engaged.
[    0.915543] AES CTR mode by8 optimization enabled
[    0.931025] virtio_net virtio0 enp0s3: renamed from eth0
[    0.932877] virtio_net virtio1 enp0s8: renamed from eth1
[    1.012502] ioc0: LSI53C1030 A0: Capabilities={Initiator}
[    1.079237] input: ImExPS/2 Generic Explorer Mouse as /devices/platform/i8042/serio1/input/input4
[    1.256173] scsi host2: ioc0: LSI53C1030 A0, FwRev=00000000h, Ports=1, MaxQ=256, IRQ=20
[    1.425058] scsi 2:0:0:0: Direct-Access     VBOX     HARDDISK         1.0  PQ: 0 ANSI: 5
[    1.428916] scsi target2:0:0: Beginning Domain Validation
[    1.433689] scsi target2:0:0: Domain Validation skipping write tests
[    1.436134] scsi target2:0:0: Ending Domain Validation
[    1.438284] scsi target2:0:0: asynchronous
[    1.440470] random: fast init done
[    1.442277] scsi 2:0:1:0: Direct-Access     VBOX     HARDDISK         1.0  PQ: 0 ANSI: 5
[    1.445425] scsi target2:0:1: Beginning Domain Validation
[    1.449318] scsi target2:0:1: Domain Validation skipping write tests
[    1.451762] scsi target2:0:1: Ending Domain Validation
[    1.454034] scsi target2:0:1: asynchronous
[    1.456087] scsi 2:0:2:0: Direct-Access     VBOX     HARDDISK         1.0  PQ: 0 ANSI: 5
[    1.458213] scsi target2:0:2: Beginning Domain Validation
[    1.460759] scsi target2:0:2: Domain Validation skipping write tests
[    1.462017] scsi target2:0:2: Ending Domain Validation
[    1.463199] scsi target2:0:2: asynchronous
[    1.468585] random: systemd-udevd: uninitialized urandom read (16 bytes read)
[    1.469820] random: systemd-udevd: uninitialized urandom read (16 bytes read)
[    1.470886] random: systemd-udevd: uninitialized urandom read (16 bytes read)
[    1.472139] sd 2:0:0:0: [sda] 20971520 512-byte logical blocks: (10.7 GB/10.0 GiB)
[    1.475156] sd 2:0:0:0: [sda] Write Protect is off
[    1.475943] sd 2:0:0:0: Attached scsi generic sg0 type 0
[    1.477298] sd 2:0:0:0: [sda] Incomplete mode parameter data
[    1.478065] sd 2:0:0:0: [sda] Assuming drive cache: write through
[    1.478952] sd 2:0:1:0: [sdb] 20480 512-byte logical blocks: (10.5 MB/10.0 MiB)
[    1.480576] sd 2:0:1:0: [sdb] Write Protect is off
[    1.481256] sd 2:0:1:0: Attached scsi generic sg1 type 0
[    1.482261] sd 2:0:1:0: [sdb] Incomplete mode parameter data
[    1.483007] sd 2:0:1:0: [sdb] Assuming drive cache: write through
[    1.484277] sd 2:0:2:0: Attached scsi generic sg2 type 0
[    1.485716] sd 2:0:2:0: [sdc] 62914560 512-byte logical blocks: (32.2 GB/30.0 GiB)
[    1.486756] sd 2:0:2:0: [sdc] Write Protect is off
[    1.487493] sd 2:0:2:0: [sdc] Incomplete mode parameter data
[    1.488224] sd 2:0:2:0: [sdc] Assuming drive cache: write through
[    1.490293] sd 2:0:2:0: [sdc] Attached SCSI disk
[    1.505144]  sda: sda1
[    1.506713] sd 2:0:0:0: [sda] Attached SCSI disk
[    1.535328] sd 2:0:1:0: [sdb] Attached SCSI disk
Begin: Loading essential drivers ... [    2.955315] raid6: sse2x1   gen() 12668 MB/s
[    3.022348] raid6: sse2x1   xor()  9358 MB/s
[    3.089980] raid6: sse2x2   gen() 13716 MB/s
[    3.152808] raid6: sse2x2   xor()  9946 MB/s
[    3.218552] raid6: sse2x4   gen() 16791 MB/s
[    3.283903] raid6: sse2x4   xor() 11415 MB/s
[    3.348034] raid6: avx2x1   gen() 25833 MB/s
[    3.413065] raid6: avx2x1   xor() 18080 MB/s
[    3.483797] raid6: avx2x2   gen() 34730 MB/s
[    3.549236] raid6: avx2x2   xor() 19581 MB/s
[    3.613732] raid6: avx2x4   gen() 35299 MB/s
[    3.682554] raid6: avx2x4   xor() 19178 MB/s
[    3.683290] raid6: using algorithm avx2x4 gen() 35299 MB/s
[    3.684190] raid6: .... xor() 19178 MB/s, rmw enabled
[    3.684901] raid6: using avx2x2 recovery algorithm
[    3.687029] xor: automatically using best checksumming function   avx       
[    3.689407] async_tx: api initialized (async)
done.
Begin: Running /scripts/init-premount ... done.
Begin: Mounting root file system ... Begin: Running /scripts/local-top ... done.
Begin: Running /scripts/local-premount ... [    3.736853] Btrfs loaded, crc32c=crc32c-intel
Scanning for Btrfs filesystems
done.
Warning: fsck not present, so skipping root file system
[    3.879407] EXT4-fs (sda1): mounted filesystem with ordered data mode. Opts: (null)
done.
Begin: Running /scripts/local-bottom ... done.
Begin: Running /scripts/init-bottom ... done.
[    4.763116] ip_tables: (C) 2000-2006 Netfilter Core Team
[    4.843902] systemd[1]: systemd 237 running in system mode. (+PAM +AUDIT +SELINUX +IMA +APPARMOR +SMACK +SYSVINIT +UTMP +LIBCRYPTSETUP +GCRYPT +GNUTLS +ACL +XZ +LZ4 +SECCOMP +BLKID +ELFUTILS +KMOD -IDN2 +IDN -PCRE2 default-hierarchy=hybrid)
[    4.853586] systemd[1]: Detected virtualization oracle.
[    4.855791] systemd[1]: Detected architecture x86-64.

Welcome to [1mUbuntu 18.04.4 LTS[0m!

[    4.874301] systemd[1]: Set hostname to <ubuntu>.
[    4.913601] systemd[1]: Initializing machine ID from random generator.
[    4.916860] systemd[1]: Installed transient /etc/machine-id file.
[    5.524927] random: crng init done
[    5.525642] random: 7 urandom warning(s) missed due to ratelimiting
[    6.041597] systemd[1]: Created slice System Slice.
[[0;32m  OK  [0m] Created slice System Slice.
[    6.044011] systemd[1]: Created slice system-serial\x2dgetty.slice.
[[0;32m  OK  [0m] Created slice system-serial\x2dgetty.slice.
[    6.046313] systemd[1]: Listening on Syslog Socket.
[[0;32m  OK  [0m] Listening on Syslog Socket.
[    6.048356] systemd[1]: Listening on Device-mapper event daemon FIFOs.
[[0;32m  OK  [0m] Listening on Device-mapper event daemon FIFOs.
[[0;32m  OK  [0m] Reached target System Time Synchronized.
[[0;32m  OK  [0m] Reached target User and Group Name Lookups.
[[0;32m  OK  [0m] Listening on Journal Audit Socket.
[[0;32m  OK  [0m] Listening on LVM2 poll daemon socket.
[[0;32m  OK  [0m] Listening on Network Service Netlink Socket.
[[0;32m  OK  [0m] Listening on udev Control Socket.
[[0;32m  OK  [0m] Listening on Journal Socket (/dev/log).
[[0;32m  OK  [0m] Listening on /dev/initctl Compatibility Named Pipe.
[[0;32m  OK  [0m] Listening on udev Kernel Socket.
[[0;32m  OK  [0m] Created slice User and Session Slice.
[[0;32m  OK  [0m] Listening on LVM2 metadata daemon socket.
[[0;32m  OK  [0m] Set up automount Arbitrary Executab…rmats File System Automount Point.
[[0;32m  OK  [0m] Started Forward Password Requests to Wall Directory Watch.
[[0;32m  OK  [0m] Listening on Journal Socket.
         Starting Create list of required st…ce nodes for the current kernel...
         Starting Set the console keyboard layout...
         Starting Load Kernel Modules...
         Starting Remount Root and Kernel File Systems...
         Starting Uncomplicated firewall...
         Starting Monitoring of LVM2 mirrors…ng dmeventd or progress polling...
         Starting udev Coldplug all Devices...
         Starting Journal Service...
[    6.179057] Loading iSCSI transport class v2.0-870.
         Mounting Kernel Debug File System...
         Mounting Huge Pages File System...
[[0;32m  OK  [0m] Reached target Swap.
[[0;32m  OK  [0m] Reached target Slices.
         Mounting POSIX Message Queue File System...
[[0;32m  OK  [0m] Started Create list of required sta…vice nodes for the current kernel.
[[0;32m  OK  [0m] Started Uncomplicated firewall.
         Starting Create Static Device Nodes in /dev...
[[0;32m  OK  [0m] Mounted POSIX Message Queue File System.
[[0;32m  OK  [0m] Mounted Huge Pages File System.
[[0;32m  OK  [0m] Mounted Kernel Debug File System.
[    6.378159] iscsi: registered transport (tcp)
[[0;32m  OK  [0m] Started Journal Service.
[[0;32m  OK  [0m] Started udev Coldplug all Devices.
[    6.496239] EXT4-fs (sda1): re-mounted. Opts: (null)
[[0;32m  OK  [0m] Started Remount Root and Kernel File Systems.
         Starting Flush Journal to Persistent Storage...
         Starting Load/Save Random Seed...
[[0;32m  OK  [0m] Started Set the console keyboard layout.
[[0;32m  OK  [0m] Started Create Static Device Nodes in /dev.
[[0;32m  OK  [0m] Started LVM2 metadata daemon.
         Starting udev Kernel Device Manager...
[[0;32m  OK  [0m] Started Load/Save Random Seed.
[    6.654886] systemd-journald[389]: Received request to flush runtime journal from PID 1
[    6.686145] iscsi: registered transport (iser)
[[0;32m  OK  [0m] Started Load Kernel Modules.
         Starting Apply Kernel Variables...
         Mounting Kernel Configuration File System...
         Mounting FUSE Control File System...
[[0;32m  OK  [0m] Mounted Kernel Configuration File System.
[[0;32m  OK  [0m] Mounted FUSE Control File System.
[[0;32m  OK  [0m] Started Monitoring of LVM2 mirrors,…sing dmeventd or progress polling.
[[0;32m  OK  [0m] Reached target Local File Systems (Pre).
[[0;32m  OK  [0m] Reached target Local File Systems.
         Starting Commit a transient machine-id on disk...
         Starting AppArmor initialization...
         Starting Tell Plymouth To Write Out Runtime Data...
         Starting Set console font and keymap...
         Starting ebtables ruleset management...
[[0;32m  OK  [0m] Started Apply Kernel Variables.
[[0;32m  OK  [0m] Started Set console font and keymap.
[[0;32m  OK  [0m] Started Tell Plymouth To Write Out Runtime Data.
[[0;32m  OK  [0m] Started Commit a transient machine-id on disk.
[[0;32m  OK  [0m] Started udev Kernel Device Manager.
[[0;32m  OK  [0m] Started Dispatch Password Requests to Console Directory Watch.
[[0;32m  OK  [0m] Reached target Local Encrypted Volumes.
[[0;32m  OK  [0m] Started Flush Journal to Persistent Storage.
         Starting Create Volatile Files and Directories...
[[0;32m  OK  [0m] Started Create Volatile Files and Directories.
         Starting Update UTMP about System Boot/Shutdown...
[[0;32m  OK  [0m] Started Update UTMP about System Boot/Shutdown.
[[0;32m  OK  [0m] Started ebtables ruleset management.
[[0;32m  OK  [0m] Found device /dev/ttyS0.
[[0;32m  OK  [0m] Listening on Load/Save RF Kill Switch Status /dev/rfkill Watch.
[[0;32m  OK  [0m] Started AppArmor initialization.
         Starting Initial cloud-init job (pre-networking)...
[   14.838867] cloud-init[554]: Cloud-init v. 19.4-33-gbb4131a2-0ubuntu1~18.04.1 running 'init-local' at Fri, 12 Jun 2020 09:40:53 +0000. Up 13.89 seconds.
[[0;32m  OK  [0m] Started Initial cloud-init job (pre-networking).
[[0;32m  OK  [0m] Reached target Network (Pre).
         Starting Network Service...
[[0;32m  OK  [0m] Started Network Service.
         Starting Wait for Network to be Configured...
         Starting Network Name Resolution...
[[0;32m  OK  [0m] Started Network Name Resolution.
[[0;32m  OK  [0m] Reached target Host and Network Name Lookups.
[[0;32m  OK  [0m] Reached target Network.
[[0;32m  OK  [0m] Started Wait for Network to be Configured.
         Starting Initial cloud-init job (metadata service crawler)...
[   17.740132] cloud-init[664]: Cloud-init v. 19.4-33-gbb4131a2-0ubuntu1~18.04.1 running 'init' at Fri, 12 Jun 2020 09:40:57 +0000. Up 17.52 seconds.
[   17.742303] cloud-init[664]: ci-info: ++++++++++++++++++++++++++++++++++++++Net device info+++++++++++++++++++++++++++++++++++++++
[   17.743085] cloud-init[664]: ci-info: +--------+-------+----------------------------+---------------+--------+-------------------+
[   17.744285] cloud-init[664]: ci-info: | Device |   Up  |          Address           |      Mask     | Scope  |     Hw-Address    |
[   17.748658] cloud-init[664]: ci-info: +--------+-------+----------------------------+---------------+--------+-------------------+
[   17.749648] cloud-init[664]: ci-info: | enp0s3 |  True |         10.0.2.15          | 255.255.255.0 | global | 02:a1:1e:44:dc:c7 |
[   17.750742] cloud-init[664]: ci-info: | enp0s3 |  True | fe80::a1:1eff:fe44:dcc7/64 |       .       |  link  | 02:a1:1e:44:dc:c7 |
[   17.751621] cloud-init[664]: ci-info: | enp0s8 | False |             .              |       .       |   .    | 08:00:27:79:b4:75 |
[   17.754483] cloud-init[664]: ci-info: |   lo   |  True |         127.0.0.1          |   255.0.0.0   |  host  |         .         |
[   17.755977] cloud-init[664]: ci-info: |   lo   |  True |          ::1/128           |       .       |  host  |         .         |
[   17.757200] cloud-init[664]: ci-info: +--------+-------+----------------------------+---------------+--------+-------------------+
[   17.758077] cloud-init[664]: ci-info: ++++++++++++++++++++++++++++Route IPv4 info+++++++++++++++++++++++++++++
[   17.759015] cloud-init[664]: ci-info: +-------+-------------+----------+-----------------+-----------+-------+
[   17.759954] cloud-init[664]: ci-info: | Route | Destination | Gateway  |     Genmask     | Interface | Flags |
[   17.760821] cloud-init[664]: ci-info: +-------+-------------+----------+-----------------+-----------+-------+
[   17.761833] cloud-init[664]: ci-info: |   0   |   0.0.0.0   | 10.0.2.2 |     0.0.0.0     |   enp0s3  |   UG  |
[   17.762813] cloud-init[664]: ci-info: |   1   |   10.0.2.0  | 0.0.0.0  |  255.255.255.0  |   enp0s3  |   U   |
[   17.764293] cloud-init[664]: ci-info: |   2   |   10.0.2.2  | 0.0.0.0  | 255.255.255.255 |   enp0s3  |   UH  |
[   17.765416] cloud-init[664]: ci-info: +-------+-------------+----------+-----------------+-----------+-------+
[   17.767375] cloud-init[664]: ci-info: +++++++++++++++++++Route IPv6 info+++++++++++++++++++
[   17.769136] cloud-init[664]: ci-info: +-------+-------------+---------+-----------+-------+
[   17.769987] cloud-init[664]: ci-info: | Route | Destination | Gateway | Interface | Flags |
[   17.770791] cloud-init[664]: ci-info: +-------+-------------+---------+-----------+-------+
[   17.771684] cloud-init[664]: ci-info: |   1   |  fe80::/64  |    ::   |   enp0s3  |   U   |
[   17.772545] cloud-init[664]: ci-info: |   3   |    local    |    ::   |   enp0s3  |   U   |
[   17.773248] cloud-init[664]: ci-info: |   4   |   ff00::/8  |    ::   |   enp0s3  |   U   |
[   17.774184] cloud-init[664]: ci-info: +-------+-------------+---------+-----------+-------+
[   22.918700] cloud-init[664]: Generating public/private rsa key pair.
[   22.919532] cloud-init[664]: Your identification has been saved in /etc/ssh/ssh_host_rsa_key.
[   22.920803] cloud-init[664]: Your public key has been saved in /etc/ssh/ssh_host_rsa_key.pub.
[   22.924282] cloud-init[664]: The key fingerprint is:
[   22.925007] cloud-init[664]: SHA256:ujGfE0ksduaWUWQWwd1Qx3M9zwZO+0Yc79DtPgf0yUk root@ubuntu-bionic
[   22.928350] cloud-init[664]: The key's randomart image is:
[   22.929057] cloud-init[664]: +---[RSA 2048]----+
[   22.929755] cloud-init[664]: |         o*+.+..o|
[   22.930359] cloud-init[664]: |         oo . +=+|
[   22.948341] cloud-init[664]: |       . .   o *O|
[   22.949252] cloud-init[664]: |      o *     =EX|
[   22.950068] cloud-init[664]: |     . *S+   .oOo|
[   22.950857] cloud-init[664]: |       .*     .+*|
[   22.952272] cloud-init[664]: |      +. .     + |
[   22.956336] cloud-init[664]: |       =..     .o|
[   22.956945] cloud-init[664]: |      . o.      o|
[   22.957624] cloud-init[664]: +----[SHA256]-----+
[   22.958304] cloud-init[664]: Generating public/private dsa key pair.
[   22.960239] cloud-init[664]: Your identification has been saved in /etc/ssh/ssh_host_dsa_key.
[   22.964321] cloud-init[664]: Your public key has been saved in /etc/ssh/ssh_host_dsa_key.pub.
[   22.965364] cloud-init[664]: The key fingerprint is:
[   22.966261] cloud-init[664]: SHA256:RXtFHs4aj32R8+7KN6qoJqAfNFGCPeL0if6nxo6RDdk root@ubuntu-bionic
[   22.967427] cloud-init[664]: The key's randomart image is:
[   22.968076] cloud-init[664]: +---[DSA 1024]----+
[   22.972370] cloud-init[664]: |  o. .    .  .+  |
[   22.974629] cloud-init[664]: | + oo    . . = ..|
[   22.975403] cloud-init[664]: |o +.o     o o ++ |
[   22.976071] cloud-init[664]: | ooo.    . . *  +|
[   22.976805] cloud-init[664]: |.o E    S   o o o|
[   22.980305] cloud-init[664]: | .=..          o |
[   22.980914] cloud-init[664]: | o+o.           .|
[   22.981655] cloud-init[664]: | .o+.o .  .  . o.|
[   22.982287] cloud-init[664]: | .++o o... ...+oo|
[   22.984265] cloud-init[664]: +----[SHA256]-----+
[   22.984908] cloud-init[664]: Generating public/private ecdsa key pair.
[   22.988295] cloud-init[664]: Your identification has been saved in /etc/ssh/ssh_host_ecdsa_key.
[   22.989398] cloud-init[664]: Your public key has been saved in /etc/ssh/ssh_host_ecdsa_key.pub.
[   22.992264] cloud-init[664]: The key fingerprint is:
[   22.992977] cloud-init[664]: SHA256:BWNm45dMbfIBakIFENofdpfaioD/axRt1E4aE6Dx9OY root@ubuntu-bionic
[   22.996287] cloud-init[664]: The key's randomart image is:
[   22.996999] cloud-init[664]: +---[ECDSA 256]---+
[   22.997750] cloud-init[664]: |    +o=+Xooo     |
[   23.000333] cloud-init[664]: |   o * *+B+o+    |
[   23.001059] cloud-init[664]: |  . o =oB*B+ .   |
[   23.004266] cloud-init[664]: |   . o.B+*. .    |
[   23.004792] cloud-init[664]: |  . . .oE .      |
[   23.005460] cloud-init[664]: |   . ... .       |
[   23.005877] cloud-init[664]: |    ... .        |
[   23.006549] cloud-init[664]: |     ..          |
[   23.008255] cloud-init[664]: |     .o.         |
[   23.012321] cloud-init[664]: +----[SHA256]-----+
[   23.012944] cloud-init[664]: Generating public/private ed25519 key pair.
[   23.013813] cloud-init[664]: Your identification has been saved in /etc/ssh/ssh_host_ed25519_key.
[   23.014757] cloud-init[664]: Your public key has been saved in /etc/ssh/ssh_host_ed25519_key.pub.
[   23.015836] cloud-init[664]: The key fingerprint is:
[   23.016754] cloud-init[664]: SHA256:7wjqIT3lWCu9gd2XARi2twESfDOMEis+xU02OoWDPHk root@ubuntu-bionic
[   23.020314] cloud-init[664]: The key's randomart image is:
[   23.021090] cloud-init[664]: +--[ED25519 256]--+
[   23.024307] cloud-init[664]: |. +o+O+          |
[   23.024991] cloud-init[664]: | =oEOo*=         |
[   23.025911] cloud-init[664]: |. +*.ooo+        |
[   23.028424] cloud-init[664]: |... .  . +       |
[   23.029818] cloud-init[664]: | o    o S .      |
[   23.032323] cloud-init[664]: |  .. O o . o     |
[   23.036377] cloud-init[664]: |  . B B . +      |
[   23.037232] cloud-init[664]: |   . = + +       |
[   23.038194] cloud-init[664]: |   .o . . .      |
[   23.039114] cloud-init[664]: +----[SHA256]-----+
[[0;32m  OK  [0m] Started Initial cloud-init job (metadata service crawler).
[[0;32m  OK  [0m] Reached target System Initialization.
[[0;32m  OK  [0m] Started Message of the Day.
[[0;32m  OK  [0m] Started Daily apt download activities.
[[0;32m  OK  [0m] Started Daily apt upgrade and clean activities.
[[0;32m  OK  [0m] Started Daily Cleanup of Temporary Directories.
         Starting Socket activation for snappy daemon.
[[0;32m  OK  [0m] Listening on UUID daemon activation socket.
[[0;32m  OK  [0m] Listening on Open-iSCSI iscsid Socket.
[[0;32m  OK  [0m] Listening on ACPID Listen Socket.
[[0;32m  OK  [0m] Started Discard unused blocks once a week.
[[0;32m  OK  [0m] Listening on D-Bus System Message Bus Socket.
         Starting LXD - unix socket.
[[0;32m  OK  [0m] Reached target Timers.
[[0;32m  OK  [0m] Started ACPI Events Check.
[[0;32m  OK  [0m] Reached target Paths.
[[0;32m  OK  [0m] Reached target Cloud-config availability.
[[0;32m  OK  [0m] Reached target Network is Online.
[[0;32m  OK  [0m] Reached target Remote File Systems (Pre).
[[0;32m  OK  [0m] Reached target Remote File Systems.
         Starting Availability of block devices...
[[0;32m  OK  [0m] Listening on Socket activation for snappy daemon.
[[0;32m  OK  [0m] Listening on LXD - unix socket.
[[0;32m  OK  [0m] Started Availability of block devices.
[[0;32m  OK  [0m] Reached target Sockets.
[[0;32m  OK  [0m] Reached target Basic System.
[[0;32m  OK  [0m] Started Regular background program processing daemon.
[[0;32m  OK  [0m] Started irqbalance daemon.
         Starting LSB: automatic crash report generation...
[[0;32m  OK  [0m] Started D-Bus System Message Bus.
         Starting Login Service...
         Starting Pollinate to seed the pseudo random number generator...
         Starting LXD - container startup/shutdown...
         Starting System Logging Service...
         Starting Permit User Sessions...
         Starting Accounts Service...
         Starting Virtualbox guest utils...
         Starting Dispatcher daemon for systemd-networkd...
         Starting LSB: Record successful boot for GRUB...
[[0;32m  OK  [0m] Started Deferred execution scheduler.
[[0;32m  OK  [0m] Started FUSE filesystem for LXC.
         Starting Snappy daemon...
[[0;32m  OK  [0m] Started System Logging Service.
[[0;32m  OK  [0m] Started Permit User Sessions.
         Starting Hold until boot process finishes up...
         Starting Terminate Plymouth Boot Screen...
[[0;32m  OK  [0m] Started Hold until boot process finishes up.
[[0;32m  OK  [0m] Started Serial Getty on ttyS0.
         Starting Set console scheme...
[[0;32m  OK  [0m] Started Terminate Plymouth Boot Screen.
[[0;32m  OK  [0m] Started Login Service.
[[0;32m  OK  [0m] Started Unattended Upgrades Shutdown.
[[0;32m  OK  [0m] Started Set console scheme.
[[0;32m  OK  [0m] Created slice system-getty.slice.
[[0;32m  OK  [0m] Started Getty on tty1.
[[0;32m  OK  [0m] Reached target Login Prompts.
         Starting Authorization Manager...
[[0;32m  OK  [0m] Started LSB: automatic crash report generation.
[[0;32m  OK  [0m] Started LSB: Record successful boot for GRUB.
[[0;32m  OK  [0m] Started Virtualbox guest utils.
[[0;32m  OK  [0m] Started Authorization Manager.
[[0;32m  OK  [0m] Started Accounts Service.
[[0;32m  OK  [0m] Started LXD - container startup/shutdown.
[[0;32m  OK  [0m] Started Dispatcher daemon for systemd-networkd.
[[0;32m  OK  [0m] Started Snappy daemon.
         Starting Wait until snapd is fully seeded...
[[0;32m  OK  [0m] Started Pollinate to seed the pseudo random number generator.
         Starting OpenBSD Secure Shell server...
[[0;32m  OK  [0m] Started OpenBSD Secure Shell server.

Ubuntu 18.04.4 LTS ubuntu-bionic ttyS0

ubuntu-bionic login: [   33.200629] cloud-init[1251]: Cloud-init v. 19.4-33-gbb4131a2-0ubuntu1~18.04.1 running 'modules:config' at Fri, 12 Jun 2020 09:41:10 +0000. Up 30.73 seconds.
ci-info: no authorized SSH keys fingerprints found for user ubuntu.
<14>Jun 12 09:41:14 ec2: 
<14>Jun 12 09:41:14 ec2: #############################################################
<14>Jun 12 09:41:14 ec2: -----BEGIN SSH HOST KEY FINGERPRINTS-----
<14>Jun 12 09:41:14 ec2: 1024 SHA256:RXtFHs4aj32R8+7KN6qoJqAfNFGCPeL0if6nxo6RDdk root@ubuntu-bionic (DSA)
<14>Jun 12 09:41:14 ec2: 256 SHA256:BWNm45dMbfIBakIFENofdpfaioD/axRt1E4aE6Dx9OY root@ubuntu-bionic (ECDSA)
<14>Jun 12 09:41:14 ec2: 256 SHA256:7wjqIT3lWCu9gd2XARi2twESfDOMEis+xU02OoWDPHk root@ubuntu-bionic (ED25519)
<14>Jun 12 09:41:14 ec2: 2048 SHA256:ujGfE0ksduaWUWQWwd1Qx3M9zwZO+0Yc79DtPgf0yUk root@ubuntu-bionic (RSA)
<14>Jun 12 09:41:14 ec2: -----END SSH HOST KEY FINGERPRINTS-----
<14>Jun 12 09:41:14 ec2: #############################################################
-----BEGIN SSH HOST KEY KEYS-----
ecdsa-sha2-nistp256 AAAAE2VjZHNhLXNoYTItbmlzdHAyNTYAAAAIbmlzdHAyNTYAAABBBNwcbJ7cxQUhAYX/WkCLVyZK74RZgaanRLzROeq4Hj667r6qJ42fChzWZmvDodMDZxVoe0BuSVnEAzCf3xvlTog= root@ubuntu-bionic
ssh-ed25519 AAAAC3NzaC1lZDI1NTE5AAAAIP0c12oZxL67WNbC6ByAmEzxWoAordbx5UokzIA3EAaV root@ubuntu-bionic
ssh-rsa AAAAB3NzaC1yc2EAAAADAQABAAABAQCpXZ2vvAken8fo9TjO71JFTbidjHdCXw8ZjpyvdVLMGo9HUlLttZET9RCVcVafn/9SeVrfANZaqSOBiLTNlK99FfAv5d4HHavdLTNc31QCaJtuZd4tp5HTUsw7Bw4GSaxJlYjfHKsExDL6Ct50pR7QGwbHXEJktAHeQBTbKexorczMM4Pnbapq4nD19IIrW4CCnHBwFDRs/M2VUnk6LH7GVO+OI3RVXfleTiapi2OK27WtHsQSllQ4AI5Qa00W015wCg1IvyiZlvinnkCy469k3WEaWMQQAktLGQtt1mYAaJSnm/UQaMKqHVpmtX3G9RwpHziMHU5l7fSySp38GkKv root@ubuntu-bionic
-----END SSH HOST KEY KEYS-----
[   34.262882] cloud-init[1381]: Cloud-init v. 19.4-33-gbb4131a2-0ubuntu1~18.04.1 running 'modules:final' at Fri, 12 Jun 2020 09:41:13 +0000. Up 34.01 seconds.
[   34.264916] cloud-init[1381]: ci-info: no authorized SSH keys fingerprints found for user ubuntu.
[   34.270167] cloud-init[1381]: Cloud-init v. 19.4-33-gbb4131a2-0ubuntu1~18.04.1 finished at Fri, 12 Jun 2020 09:41:14 +0000. Datasource DataSourceNoCloud [seed=/dev/sdb][dsmode=net].  Up 34.25 seconds
