[    0.000000] Linux version 4.15.0-96-generic (buildd@lgw01-amd64-004) (gcc version 7.5.0 (Ubuntu 7.5.0-3ubuntu1~18.04)) #97-Ubuntu SMP Wed Apr 1 03:25:46 UTC 2020 (Ubuntu 4.15.0-96.97-generic 4.15.18)
[    0.000000] Command line: BOOT_IMAGE=/boot/vmlinuz-4.15.0-96-generic root=LABEL=cloudimg-rootfs ro console=tty1 console=ttyS0
[    0.000000] KERNEL supported cpus:
[    0.000000]   Intel GenuineIntel
[    0.000000]   AMD AuthenticAMD
[    0.000000]   Centaur CentaurHauls
[    0.000000] x86/fpu: Supporting XSAVE feature 0x001: 'x87 floating point registers'
[    0.000000] x86/fpu: Supporting XSAVE feature 0x002: 'SSE registers'
[    0.000000] x86/fpu: Supporting XSAVE feature 0x004: 'AVX registers'
[    0.000000] x86/fpu: xstate_offset[2]:  576, xstate_sizes[2]:  256
[    0.000000] x86/fpu: Enabled xstate features 0x7, context size is 832 bytes, using 'standard' format.
[    0.000000] e820: BIOS-provided physical RAM map:
[    0.000000] BIOS-e820: [mem 0x0000000000000000-0x000000000009fbff] usable
[    0.000000] BIOS-e820: [mem 0x000000000009fc00-0x000000000009ffff] reserved
[    0.000000] BIOS-e820: [mem 0x00000000000f0000-0x00000000000fffff] reserved
[    0.000000] BIOS-e820: [mem 0x0000000000100000-0x000000003e7effff] usable
[    0.000000] BIOS-e820: [mem 0x000000003e7f0000-0x000000003e7fffff] ACPI data
[    0.000000] BIOS-e820: [mem 0x00000000fec00000-0x00000000fec00fff] reserved
[    0.000000] BIOS-e820: [mem 0x00000000fee00000-0x00000000fee00fff] reserved
[    0.000000] BIOS-e820: [mem 0x00000000fffc0000-0x00000000ffffffff] reserved
[    0.000000] NX (Execute Disable) protection: active
[    0.000000] SMBIOS 2.5 present.
[    0.000000] DMI: innotek GmbH VirtualBox/VirtualBox, BIOS VirtualBox 12/01/2006
[    0.000000] Hypervisor detected: KVM
[    0.000000] e820: last_pfn = 0x3e7f0 max_arch_pfn = 0x400000000
[    0.000000] MTRR: Disabled
[    0.000000] x86/PAT: MTRRs disabled, skipping PAT initialization too.
[    0.000000] CPU MTRRs all blank - virtualized system.
[    0.000000] x86/PAT: Configuration [0-7]: WB  WT  UC- UC  WB  WT  UC- UC  
[    0.000000] found SMP MP-table at [mem 0x0009fff0-0x0009ffff]
[    0.000000] Scanning 1 areas for low memory corruption
[    0.000000] RAMDISK: [mem 0x35a6b000-0x36d2cfff]
[    0.000000] ACPI: Early table checksum verification disabled
[    0.000000] ACPI: RSDP 0x00000000000E0000 000024 (v02 VBOX  )
[    0.000000] ACPI: XSDT 0x000000003E7F0030 00003C (v01 VBOX   VBOXXSDT 00000001 ASL  00000061)
[    0.000000] ACPI: FACP 0x000000003E7F00F0 0000F4 (v04 VBOX   VBOXFACP 00000001 ASL  00000061)
[    0.000000] ACPI: DSDT 0x000000003E7F0470 002325 (v02 VBOX   VBOXBIOS 00000002 INTL 20200430)
[    0.000000] ACPI: FACS 0x000000003E7F0200 000040
[    0.000000] ACPI: FACS 0x000000003E7F0200 000040
[    0.000000] ACPI: APIC 0x000000003E7F0240 000054 (v02 VBOX   VBOXAPIC 00000001 ASL  00000061)
[    0.000000] ACPI: SSDT 0x000000003E7F02A0 0001CC (v01 VBOX   VBOXCPUT 00000002 INTL 20200430)
[    0.000000] No NUMA configuration found
[    0.000000] Faking a node at [mem 0x0000000000000000-0x000000003e7effff]
[    0.000000] NODE_DATA(0) allocated [mem 0x3e7c5000-0x3e7effff]
[    0.000000] kvm-clock: cpu 0, msr 0:3e744001, primary cpu clock
[    0.000000] kvm-clock: Using msrs 4b564d01 and 4b564d00
[    0.000000] kvm-clock: using sched offset of 3722434447 cycles
[    0.000000] clocksource: kvm-clock: mask: 0xffffffffffffffff max_cycles: 0x1cd42e4dffb, max_idle_ns: 881590591483 ns
[    0.000000] Zone ranges:
[    0.000000]   DMA      [mem 0x0000000000001000-0x0000000000ffffff]
[    0.000000]   DMA32    [mem 0x0000000001000000-0x000000003e7effff]
[    0.000000]   Normal   empty
[    0.000000]   Device   empty
[    0.000000] Movable zone start for each node
[    0.000000] Early memory node ranges
[    0.000000]   node   0: [mem 0x0000000000001000-0x000000000009efff]
[    0.000000]   node   0: [mem 0x0000000000100000-0x000000003e7effff]
[    0.000000] Reserved but unavailable: 98 pages
[    0.000000] Initmem setup node 0 [mem 0x0000000000001000-0x000000003e7effff]
[    0.000000] ACPI: PM-Timer IO Port: 0x4008
[    0.000000] IOAPIC[0]: apic_id 1, version 32, address 0xfec00000, GSI 0-23
[    0.000000] ACPI: INT_SRC_OVR (bus 0 bus_irq 0 global_irq 2 dfl dfl)
[    0.000000] ACPI: INT_SRC_OVR (bus 0 bus_irq 9 global_irq 9 low level)
[    0.000000] Using ACPI (MADT) for SMP configuration information
[    0.000000] smpboot: Allowing 1 CPUs, 0 hotplug CPUs
[    0.000000] PM: Registered nosave memory: [mem 0x00000000-0x00000fff]
[    0.000000] PM: Registered nosave memory: [mem 0x0009f000-0x0009ffff]
[    0.000000] PM: Registered nosave memory: [mem 0x000a0000-0x000effff]
[    0.000000] PM: Registered nosave memory: [mem 0x000f0000-0x000fffff]
[    0.000000] e820: [mem 0x3e800000-0xfebfffff] available for PCI devices
[    0.000000] Booting paravirtualized kernel on KVM
[    0.000000] clocksource: refined-jiffies: mask: 0xffffffff max_cycles: 0xffffffff, max_idle_ns: 7645519600211568 ns
[    0.000000] random: get_random_bytes called from start_kernel+0x99/0x4fd with crng_init=0
[    0.000000] setup_percpu: NR_CPUS:8192 nr_cpumask_bits:1 nr_cpu_ids:1 nr_node_ids:1
[    0.000000] percpu: Embedded 45 pages/cpu s147456 r8192 d28672 u2097152
[    0.000000] PV qspinlock hash table entries: 256 (order: 0, 4096 bytes)
[    0.000000] Built 1 zonelists, mobility grouping on.  Total pages: 251865
[    0.000000] Policy zone: DMA32
[    0.000000] Kernel command line: BOOT_IMAGE=/boot/vmlinuz-4.15.0-96-generic root=LABEL=cloudimg-rootfs ro console=tty1 console=ttyS0
[    0.000000] Memory: 958664K/1023544K available (12300K kernel code, 2481K rwdata, 4264K rodata, 2432K init, 2712K bss, 64880K reserved, 0K cma-reserved)
[    0.000000] SLUB: HWalign=64, Order=0-3, MinObjects=0, CPUs=1, Nodes=1
[    0.000000] Kernel/User page tables isolation: enabled
[    0.000000] ftrace: allocating 39351 entries in 154 pages
[    0.004000] Hierarchical RCU implementation.
[    0.004000] 	RCU restricting CPUs from NR_CPUS=8192 to nr_cpu_ids=1.
[    0.004000] 	Tasks RCU enabled.
[    0.004000] RCU: Adjusting geometry for rcu_fanout_leaf=16, nr_cpu_ids=1
[    0.004000] NR_IRQS: 524544, nr_irqs: 256, preallocated irqs: 16
[    0.004000] Console: colour VGA+ 80x25
[    0.004000] console [tty1] enabled
[    0.004000] console [ttyS0] enabled
[    0.004000] ACPI: Core revision 20170831
[    0.004000] ACPI: 2 ACPI AML tables successfully acquired and loaded
[    0.004000] APIC: Switch to symmetric I/O mode setup
[    0.004000] x2apic enabled
[    0.004000] Switched APIC routing to physical x2apic.
[    0.004000] ..TIMER: vector=0x30 apic1=0 pin1=2 apic2=-1 pin2=-1
[    0.004008] tsc: Detected 2591.998 MHz processor
[    0.005031] Calibrating delay loop (skipped) preset value.. 5183.99 BogoMIPS (lpj=10367992)
[    0.008008] pid_max: default: 32768 minimum: 301
[    0.008948] Security Framework initialized
[    0.010046] Yama: becoming mindful.
[    0.010753] AppArmor: AppArmor initialized
[    0.013244] Dentry cache hash table entries: 131072 (order: 8, 1048576 bytes)
[    0.014809] Inode-cache hash table entries: 65536 (order: 7, 524288 bytes)
[    0.016025] Mount-cache hash table entries: 2048 (order: 2, 16384 bytes)
[    0.017237] Mountpoint-cache hash table entries: 2048 (order: 2, 16384 bytes)
[    0.019103] process: using mwait in idle threads
[    0.020014] Last level iTLB entries: 4KB 64, 2MB 8, 4MB 8
[    0.021070] Last level dTLB entries: 4KB 64, 2MB 0, 4MB 0, 1GB 4
[    0.022187] Spectre V1 : Mitigation: usercopy/swapgs barriers and __user pointer sanitization
[    0.024009] Spectre V2 : Mitigation: Full generic retpoline
[    0.025113] Spectre V2 : Spectre v2 / SpectreRSB mitigation: Filling RSB on context switch
[    0.027069] Speculative Store Bypass: Vulnerable
[    0.028063] MDS: Vulnerable: Clear CPU buffers attempted, no microcode
[    0.048252] Freeing SMP alternatives memory: 36K
[    0.160188] smpboot: CPU0: Intel(R) Core(TM) i7-6700HQ CPU @ 2.60GHz (family: 0x6, model: 0x5e, stepping: 0x3)
[    0.162132] Performance Events: unsupported p6 CPU model 94 no PMU driver, software events only.
[    0.163876] Hierarchical SRCU implementation.
[    0.164679] NMI watchdog: Perf event create on CPU 0 failed with -2
[    0.165738] NMI watchdog: Perf NMI watchdog permanently disabled
[    0.166781] smp: Bringing up secondary CPUs ...
[    0.167498] smp: Brought up 1 node, 1 CPU
[    0.168005] smpboot: Max logical packages: 1
[    0.168743] smpboot: Total of 1 processors activated (5183.99 BogoMIPS)
[    0.169975] devtmpfs: initialized
[    0.170620] x86/mm: Memory block size: 128MB
[    0.171534] evm: security.selinux
[    0.172008] evm: security.SMACK64
[    0.172586] evm: security.SMACK64EXEC
[    0.173211] evm: security.SMACK64TRANSMUTE
[    0.173896] evm: security.SMACK64MMAP
[    0.174527] evm: security.apparmor
[    0.175243] evm: security.ima
[    0.176006] evm: security.capability
[    0.176680] clocksource: jiffies: mask: 0xffffffff max_cycles: 0xffffffff, max_idle_ns: 7645041785100000 ns
[    0.178250] futex hash table entries: 256 (order: 2, 16384 bytes)
[    0.179389] pinctrl core: initialized pinctrl subsystem
[    0.180135] RTC time: 15:31:07, date: 06/16/20
[    0.180877] NET: Registered protocol family 16
[    0.181633] audit: initializing netlink subsys (disabled)
[    0.182867] cpuidle: using governor ladder
[    0.184031] cpuidle: using governor menu
[    0.184991] ACPI: bus type PCI registered
[    0.185774] acpiphp: ACPI Hot Plug PCI Controller Driver version: 0.5
[    0.187061] PCI: Using configuration type 1 for base access
[    0.188049] audit: type=2000 audit(1592321472.373:1): state=initialized audit_enabled=0 res=1
[    0.191146] HugeTLB registered 2.00 MiB page size, pre-allocated 0 pages
[    0.193027] ACPI: Added _OSI(Module Device)
[    0.193959] ACPI: Added _OSI(Processor Device)
[    0.196018] ACPI: Added _OSI(3.0 _SCP Extensions)
[    0.196874] ACPI: Added _OSI(Processor Aggregator Device)
[    0.197886] ACPI: Added _OSI(Linux-Dell-Video)
[    0.198692] ACPI: Added _OSI(Linux-Lenovo-NV-HDMI-Audio)
[    0.200035] ACPI: Added _OSI(Linux-HPI-Hybrid-Graphics)
[    0.201336] ACPI: Executed 1 blocks of module-level executable AML code
[    0.207878] ACPI: Interpreter enabled
[    0.208022] ACPI: (supports S0 S5)
[    0.208654] ACPI: Using IOAPIC for interrupt routing
[    0.209820] PCI: Using host bridge windows from ACPI; if necessary, use "pci=nocrs" and report a bug
[    0.211816] ACPI: Enabled 2 GPEs in block 00 to 07
[    0.220031] ACPI: PCI Root Bridge [PCI0] (domain 0000 [bus 00-ff])
[    0.221078] acpi PNP0A03:00: _OSC: OS supports [ASPM ClockPM Segments MSI]
[    0.222700] acpi PNP0A03:00: _OSC: not requesting OS control; OS requires [ExtendedConfig ASPM ClockPM MSI]
[    0.224000] acpi PNP0A03:00: fail to add MMCONFIG information, can't access extended PCI configuration space under this bridge.
[    0.224392] PCI host bridge to bus 0000:00
[    0.225058] pci_bus 0000:00: root bus resource [io  0x0000-0x0cf7 window]
[    0.225988] pci_bus 0000:00: root bus resource [io  0x0d00-0xffff window]
[    0.228006] pci_bus 0000:00: root bus resource [mem 0x000a0000-0x000bffff window]
[    0.229163] pci_bus 0000:00: root bus resource [mem 0x3e800000-0xfdffffff window]
[    0.230502] pci_bus 0000:00: root bus resource [bus 00-ff]
[    0.233719] pci 0000:00:01.1: legacy IDE quirk: reg 0x10: [io  0x01f0-0x01f7]
[    0.235058] pci 0000:00:01.1: legacy IDE quirk: reg 0x14: [io  0x03f6]
[    0.236009] pci 0000:00:01.1: legacy IDE quirk: reg 0x18: [io  0x0170-0x0177]
[    0.237360] pci 0000:00:01.1: legacy IDE quirk: reg 0x1c: [io  0x0376]
[    0.254997] pci 0000:00:07.0: quirk: [io  0x4000-0x403f] claimed by PIIX4 ACPI
[    0.256029] pci 0000:00:07.0: quirk: [io  0x4100-0x410f] claimed by PIIX4 SMB
[    0.263075] ACPI: PCI Interrupt Link [LNKA] (IRQs 5 9 10 *11)
[    0.264136] ACPI: PCI Interrupt Link [LNKB] (IRQs 5 9 *10 11)
[    0.265389] ACPI: PCI Interrupt Link [LNKC] (IRQs 5 *9 10 11)
[    0.266738] ACPI: PCI Interrupt Link [LNKD] (IRQs 5 9 10 *11)
[    0.268431] SCSI subsystem initialized
[    0.269367] pci 0000:00:02.0: vgaarb: setting as boot VGA device
[    0.270188] pci 0000:00:02.0: vgaarb: VGA device added: decodes=io+mem,owns=io+mem,locks=none
[    0.271617] pci 0000:00:02.0: vgaarb: bridge control possible
[    0.272007] vgaarb: loaded
[    0.272587] ACPI: bus type USB registered
[    0.273323] usbcore: registered new interface driver usbfs
[    0.274339] usbcore: registered new interface driver hub
[    0.275308] usbcore: registered new device driver usb
[    0.276088] EDAC MC: Ver: 3.0.0
[    0.276936] PCI: Using ACPI for IRQ routing
[    0.278058] NetLabel: Initializing
[    0.278836] NetLabel:  domain hash size = 128
[    0.280014] NetLabel:  protocols = UNLABELED CIPSOv4 CALIPSO
[    0.281225] NetLabel:  unlabeled traffic allowed by default
[    0.282525] clocksource: Switched to clocksource kvm-clock
[    0.295989] VFS: Disk quotas dquot_6.6.0
[    0.296954] VFS: Dquot-cache hash table entries: 512 (order 0, 4096 bytes)
[    0.298420] AppArmor: AppArmor Filesystem Enabled
[    0.299307] pnp: PnP ACPI init
[    0.301000] pnp: PnP ACPI: found 3 devices
[    0.307633] clocksource: acpi_pm: mask: 0xffffff max_cycles: 0xffffff, max_idle_ns: 2085701024 ns
[    0.309365] NET: Registered protocol family 2
[    0.310488] TCP established hash table entries: 8192 (order: 4, 65536 bytes)
[    0.311596] TCP bind hash table entries: 8192 (order: 5, 131072 bytes)
[    0.312817] TCP: Hash tables configured (established 8192 bind 8192)
[    0.313862] UDP hash table entries: 512 (order: 2, 16384 bytes)
[    0.315036] UDP-Lite hash table entries: 512 (order: 2, 16384 bytes)
[    0.316177] NET: Registered protocol family 1
[    0.316944] pci 0000:00:00.0: Limiting direct PCI/PCI transfers
[    0.317817] pci 0000:00:01.0: Activating ISA DMA hang workarounds
[    0.318983] pci 0000:00:02.0: Video device with shadowed ROM at [mem 0x000c0000-0x000dffff]
[    0.320438] Unpacking initramfs...
[    0.697087] Freeing initrd memory: 19208K
[    0.698108] clocksource: tsc: mask: 0xffffffffffffffff max_cycles: 0x255cb518234, max_idle_ns: 440795279333 ns
[    0.699923] platform rtc_cmos: registered platform RTC device (no PNP device found)
[    0.701413] Scanning for low memory corruption every 60 seconds
[    0.703170] Initialise system trusted keyrings
[    0.703970] Key type blacklist registered
[    0.704864] workingset: timestamp_bits=36 max_order=18 bucket_order=0
[    0.707676] zbud: loaded
[    0.708724] squashfs: version 4.0 (2009/01/31) Phillip Lougher
[    0.709722] fuse init (API version 7.26)
[    0.712188] Key type asymmetric registered
[    0.713290] Asymmetric key parser 'x509' registered
[    0.714074] Block layer SCSI generic (bsg) driver version 0.4 loaded (major 246)
[    0.715149] io scheduler noop registered
[    0.715726] io scheduler deadline registered
[    0.716454] io scheduler cfq registered (default)
[    0.717442] ACPI: AC Adapter [AC] (on-line)
[    0.718268] input: Power Button as /devices/LNXSYSTM:00/LNXPWRBN:00/input/input0
[    0.719596] ACPI: Power Button [PWRF]
[    0.720412] input: Sleep Button as /devices/LNXSYSTM:00/LNXSLPBN:00/input/input1
[    0.721701] ACPI: Sleep Button [SLPF]
[    0.723363] virtio-pci 0000:00:03.0: virtio_pci: leaving for legacy driver
[    0.725578] virtio-pci 0000:00:08.0: virtio_pci: leaving for legacy driver
[    0.727065] Serial: 8250/16550 driver, 32 ports, IRQ sharing enabled
[    0.748959] 00:02: ttyS0 at I/O 0x3f8 (irq = 4, base_baud = 115200) is a 16550A
[    0.753046] Linux agpgart interface v0.103
[    0.754800] loop: module loaded
[    0.755893] scsi host0: ata_piix
[    0.756706] scsi host1: ata_piix
[    0.757281] ata1: PATA max UDMA/33 cmd 0x1f0 ctl 0x3f6 bmdma 0xd000 irq 14
[    0.758266] ata2: PATA max UDMA/33 cmd 0x170 ctl 0x376 bmdma 0xd008 irq 15
[    0.759623] libphy: Fixed MDIO Bus: probed
[    0.760364] tun: Universal TUN/TAP device driver, 1.6
[    0.761359] PPP generic driver version 2.4.2
[    0.762329] ehci_hcd: USB 2.0 'Enhanced' Host Controller (EHCI) Driver
[    0.763636] ehci-pci: EHCI PCI platform driver
[    0.764844] ehci-platform: EHCI generic platform driver
[    0.765701] ohci_hcd: USB 1.1 'Open' Host Controller (OHCI) Driver
[    0.766609] ohci-pci: OHCI PCI platform driver
[    0.767247] ohci-platform: OHCI generic platform driver
[    0.768000] uhci_hcd: USB Universal Host Controller Interface driver
[    0.768972] i8042: PNP: PS/2 Controller [PNP0303:PS2K,PNP0f03:PS2M] at 0x60,0x64 irq 1,12
[    0.770539] serio: i8042 KBD port at 0x60,0x64 irq 1
[    0.771249] serio: i8042 AUX port at 0x60,0x64 irq 12
[    0.772070] mousedev: PS/2 mouse device common for all mice
[    0.773354] input: AT Translated Set 2 keyboard as /devices/platform/i8042/serio0/input/input2
[    0.775212] rtc_cmos rtc_cmos: rtc core: registered rtc_cmos as rtc0
[    0.776279] rtc_cmos rtc_cmos: alarms up to one day, 114 bytes nvram
[    0.777270] i2c /dev entries driver
[    0.777958] device-mapper: uevent: version 1.0.3
[    0.779178] device-mapper: ioctl: 4.37.0-ioctl (2017-09-20) initialised: dm-devel@redhat.com
[    0.780972] ledtrig-cpu: registered to indicate activity on CPUs
[    0.782141] intel_pmc_core:  initialized
[    0.782920] NET: Registered protocol family 10
[    0.786494] Segment Routing with IPv6
[    0.787113] NET: Registered protocol family 17
[    0.787835] Key type dns_resolver registered
[    0.788761] mce: Using 0 MCE banks
[    0.789317] RAS: Correctable Errors collector initialized.
[    0.790186] sched_clock: Marking stable (788607756, 0)->(950619255, -162011499)
[    0.791504] registered taskstats version 1
[    0.792163] Loading compiled-in X.509 certificates
[    0.795018] Loaded X.509 cert 'Build time autogenerated kernel key: 244b473b43e18b01f00e37a87f2ecd28620f0244'
[    0.798069] zswap: loaded using pool lzo/zbud
[    0.801346] Key type big_key registered
[    0.802004] Key type trusted registered
[    0.803870] Key type encrypted registered
[    0.804589] AppArmor: AppArmor sha1 policy hashing enabled
[    0.805373] ima: No TPM chip found, activating TPM-bypass! (rc=-19)
[    0.806350] ima: Allocated hash algorithm: sha1
[    0.807087] evm: HMAC attrs: 0x1
[    0.807971]   Magic number: 8:271:538
[    0.808644] tty ttyS18: hash matches
[    0.809318] rtc_cmos rtc_cmos: setting system clock to 2020-06-16 15:31:07 UTC (1592321467)
[    0.813631] BIOS EDD facility v0.16 2004-Jun-25, 0 devices found
[    0.814619] EDD information not available.
[    0.944760] Freeing unused kernel image memory: 2432K
[    0.952220] Write protecting the kernel read-only data: 20480k
[    0.953655] Freeing unused kernel image memory: 2008K
[    0.954778] Freeing unused kernel image memory: 1880K
[    0.961933] x86/mm: Checked W+X mappings: passed, no W+X pages found.
[    0.962930] x86/mm: Checking user space page tables
[    0.969327] x86/mm: Checked W+X mappings: passed, no W+X pages found.
Loading, please wait...
starting version 237
[    1.066912] Fusion MPT base driver 3.04.20
[    1.067585] Copyright (c) 1999-2008 LSI Corporation
[    1.071176] Fusion MPT SPI Host driver 3.04.20
[    1.100149] AVX2 version of gcm_enc/dec engaged.
[    1.100880] AES CTR mode by8 optimization enabled
[    1.104137] mptbase: ioc0: Initiating bringup
[    1.116860] virtio_net virtio0 enp0s3: renamed from eth0
[    1.118621] virtio_net virtio1 enp0s8: renamed from eth1
[    1.200219] ioc0: LSI53C1030 A0: Capabilities={Initiator}
[    1.281694] input: ImExPS/2 Generic Explorer Mouse as /devices/platform/i8042/serio1/input/input4
[    1.444390] scsi host2: ioc0: LSI53C1030 A0, FwRev=00000000h, Ports=1, MaxQ=256, IRQ=20
[    1.612409] scsi 2:0:0:0: Direct-Access     VBOX     HARDDISK         1.0  PQ: 0 ANSI: 5
[    1.613766] scsi target2:0:0: Beginning Domain Validation
[    1.615858] random: fast init done
[    1.616567] scsi target2:0:0: Domain Validation skipping write tests
[    1.617577] scsi target2:0:0: Ending Domain Validation
[    1.618435] scsi target2:0:0: asynchronous
[    1.619478] scsi 2:0:1:0: Direct-Access     VBOX     HARDDISK         1.0  PQ: 0 ANSI: 5
[    1.620827] scsi target2:0:1: Beginning Domain Validation
[    1.622776] scsi target2:0:1: Domain Validation skipping write tests
[    1.623925] scsi target2:0:1: Ending Domain Validation
[    1.624982] scsi target2:0:1: asynchronous
[    1.629357] random: systemd-udevd: uninitialized urandom read (16 bytes read)
[    1.630690] random: systemd-udevd: uninitialized urandom read (16 bytes read)
[    1.631633] random: systemd-udevd: uninitialized urandom read (16 bytes read)
[    1.632896] sd 2:0:0:0: [sda] 20971520 512-byte logical blocks: (10.7 GB/10.0 GiB)
[    1.633962] sd 2:0:0:0: [sda] Write Protect is off
[    1.634724] sd 2:0:0:0: [sda] Incomplete mode parameter data
[    1.635492] sd 2:0:0:0: [sda] Assuming drive cache: write through
[    1.636479] sd 2:0:0:0: Attached scsi generic sg0 type 0
[    1.637734] sd 2:0:1:0: [sdb] 20480 512-byte logical blocks: (10.5 MB/10.0 MiB)
[    1.638979] sd 2:0:1:0: [sdb] Write Protect is off
[    1.640053] sd 2:0:1:0: [sdb] Incomplete mode parameter data
[    1.641005] sd 2:0:1:0: [sdb] Assuming drive cache: write through
[    1.642858] sd 2:0:1:0: Attached scsi generic sg1 type 0
[    1.655834]  sda: sda1
[    1.658278] sd 2:0:0:0: [sda] Attached SCSI disk
[    1.690572] sd 2:0:1:0: [sdb] Attached SCSI disk
Begin: Loading essential drivers ... [    3.239604] raid6: sse2x1   gen() 10809 MB/s
[    3.309955] raid6: sse2x1   xor()  7811 MB/s
[    3.380680] raid6: sse2x2   gen() 13309 MB/s
[    3.442974] raid6: sse2x2   xor()  9122 MB/s
[    3.497713] raid6: sse2x4   gen() 12490 MB/s
[    3.568349] raid6: sse2x4   xor()  8697 MB/s
[    3.638626] raid6: avx2x1   gen() 19441 MB/s
[    3.709309] raid6: avx2x1   xor() 15795 MB/s
[    3.756096] raid6: avx2x2   gen() 21997 MB/s
[    3.818833] raid6: avx2x2   xor() 15872 MB/s
[    3.875315] raid6: avx2x4   gen() 30321 MB/s
[    3.931334] raid6: avx2x4   xor() 20984 MB/s
[    3.932318] raid6: using algorithm avx2x4 gen() 30321 MB/s
[    3.933166] raid6: .... xor() 20984 MB/s, rmw enabled
[    3.933986] raid6: using avx2x2 recovery algorithm
[    3.936610] xor: automatically using best checksumming function   avx       
[    3.938853] async_tx: api initialized (async)
done.
Begin: Running /scripts/init-premount ... done.
Begin: Mounting root file system ... Begin: Running /scripts/local-top ... done.
Begin: Running /scripts/local-premount ... [    3.986844] Btrfs loaded, crc32c=crc32c-intel
Scanning for Btrfs filesystems
done.
Warning: fsck not present, so skipping root file system
[    4.113608] EXT4-fs (sda1): INFO: recovery required on readonly filesystem
[    4.115380] EXT4-fs (sda1): write access will be enabled during recovery
[    4.275417] EXT4-fs (sda1): recovery complete
[    4.279088] EXT4-fs (sda1): mounted filesystem with ordered data mode. Opts: (null)
done.
Begin: Running /scripts/local-bottom ... done.
Begin: Running /scripts/init-bottom ... done.
[    5.067650] ip_tables: (C) 2000-2006 Netfilter Core Team
[    5.168665] systemd[1]: systemd 237 running in system mode. (+PAM +AUDIT +SELINUX +IMA +APPARMOR +SMACK +SYSVINIT +UTMP +LIBCRYPTSETUP +GCRYPT +GNUTLS +ACL +XZ +LZ4 +SECCOMP +BLKID +ELFUTILS +KMOD -IDN2 +IDN -PCRE2 default-hierarchy=hybrid)
[    5.178897] systemd[1]: Detected virtualization oracle.
[    5.181538] systemd[1]: Detected architecture x86-64.

Welcome to [1mUbuntu 18.04.4 LTS[0m!

[    5.209626] systemd[1]: Set hostname to <m3>.
[    5.912831] random: crng init done
[    5.914913] random: 7 urandom warning(s) missed due to ratelimiting
[    6.774513] systemd[1]: Created slice User and Session Slice.
[[0;32m  OK  [0m] Created slice User and Session Slice.
[    6.776496] systemd[1]: Created slice System Slice.
[[0;32m  OK  [0m] Created slice System Slice.
[    6.780136] systemd[1]: Listening on Journal Audit Socket.
[[0;32m  OK  [0m] Listening on Journal Audit Socket.
[    6.782184] systemd[1]: Listening on Syslog Socket.
[[0;32m  OK  [0m] Listening on Syslog Socket.
[    6.783935] systemd[1]: Listening on LVM2 metadata daemon socket.
[[0;32m  OK  [0m] Listening on LVM2 metadata daemon socket.
[    6.785716] systemd[1]: Reached target Swap.
[[0;32m  OK  [0m] Reached target Swap.
[[0;32m  OK  [0m] Listening on udev Control Socket.
[[0;32m  OK  [0m] Listening on Journal Socket (/dev/log).
[[0;32m  OK  [0m] Listening on Network Service Netlink Socket.
[[0;32m  OK  [0m] Reached target System Time Synchronized.
[[0;32m  OK  [0m] Created slice system-serial\x2dgetty.slice.
[[0;32m  OK  [0m] Listening on udev Kernel Socket.
[[0;32m  OK  [0m] Listening on Device-mapper event daemon FIFOs.
[[0;32m  OK  [0m] Listening on LVM2 poll daemon socket.
[[0;32m  OK  [0m] Listening on Journal Socket.
         Mounting Huge Pages File System...
         Starting Journal Service...
         Starting Set the console keyboard layout...
         Mounting POSIX Message Queue File System...
         Starting Monitoring of LVM2 mirrors…ng dmeventd or progress polling...
         Starting Load Kernel Modules...
         Starting Uncomplicated firewall...
         Starting udev Coldplug all Devices...
[[0;32m  OK  [0m] Reached target Slices.
[[0;32m  OK  [0m] Reached target User and Group Name Lookups.
         Starting Remount Root and Kernel File Systems...
[[0;32m  OK  [0m] Started Forward Password Requests to Wall Directory Watch.
         Mounting Kernel Debug File System...
[[0;32m  OK  [0m] Listening on /dev/initctl Compatibility Named Pipe.
         Starting Create list of required st…ce nodes for the current kernel...
[[0;32m  OK  [0m] Set up automount Arbitrary Executab…rmats File System Automount Point.
[    6.922184] Loading iSCSI transport class v2.0-870.
[    6.940447] iscsi: registered transport (tcp)
[    6.968087] EXT4-fs (sda1): re-mounted. Opts: (null)
[[0;32m  OK  [0m] Mounted Huge Pages File System.
[[0;32m  OK  [0m] Mounted POSIX Message Queue File System.
[[0;32m  OK  [0m] Started Uncomplicated firewall.
[[0;32m  OK  [0m] Started Remount Root and Kernel File Systems.
[[0;32m  OK  [0m] Mounted Kernel Debug File System.
         Starting Load/Save Random Seed...
[[0;32m  OK  [0m] Started Journal Service.
[[0;32m  OK  [0m] Started Create list of required sta…vice nodes for the current kernel.
[[0;32m  OK  [0m] Started udev Coldplug all Devices.
         Starting Create Static Device Nodes in /dev...
         Starting Flush Journal to Persistent Storage...
[[0;32m  OK  [0m] Started Set the console keyboard layout.
[[0;32m  OK  [0m] Started Load/Save Random Seed.
[    7.308973] systemd-journald[378]: Received request to flush runtime journal from PID 1
[[0;32m  OK  [0m] Started LVM2 metadata daemon.
[    7.381719] iscsi: registered transport (iser)
[[0;32m  OK  [0m] Started Load Kernel Modules.
         Mounting FUSE Control File System...
         Starting Apply Kernel Variables...
         Mounting Kernel Configuration File System...
[[0;32m  OK  [0m] Started Create Static Device Nodes in /dev.
[[0;32m  OK  [0m] Mounted FUSE Control File System.
[[0;32m  OK  [0m] Mounted Kernel Configuration File System.
         Starting udev Kernel Device Manager...
[[0;32m  OK  [0m] Started Apply Kernel Variables.
[[0;32m  OK  [0m] Started Monitoring of LVM2 mirrors,…sing dmeventd or progress polling.
[[0;32m  OK  [0m] Reached target Local File Systems (Pre).
[[0;32m  OK  [0m] Reached target Local File Systems.
         Starting AppArmor initialization...
         Starting Set console font and keymap...
         Starting Tell Plymouth To Write Out Runtime Data...
         Starting ebtables ruleset management...
[[0;32m  OK  [0m] Started udev Kernel Device Manager.
[[0;32m  OK  [0m] Started Dispatch Password Requests to Console Directory Watch.
[[0;32m  OK  [0m] Reached target Local Encrypted Volumes.
[[0;32m  OK  [0m] Started Set console font and keymap.
[[0;32m  OK  [0m] Started Tell Plymouth To Write Out Runtime Data.
[[0;32m  OK  [0m] Started Flush Journal to Persistent Storage.
         Starting Create Volatile Files and Directories...
[[0;32m  OK  [0m] Started Create Volatile Files and Directories.
         Starting Update UTMP about System Boot/Shutdown...
[[0;32m  OK  [0m] Found device /dev/ttyS0.
[[0;32m  OK  [0m] Started Update UTMP about System Boot/Shutdown.
[[0;32m  OK  [0m] Started ebtables ruleset management.
[[0;32m  OK  [0m] Listening on Load/Save RF Kill Switch Status /dev/rfkill Watch.
[[0;32m  OK  [0m] Started AppArmor initialization.
         Starting Initial cloud-init job (pre-networking)...
[   14.155400] cloud-init[526]: Cloud-init v. 19.4-33-gbb4131a2-0ubuntu1~18.04.1 running 'init-local' at Tue, 16 Jun 2020 15:31:20 +0000. Up 13.49 seconds.
[[0;32m  OK  [0m] Started Initial cloud-init job (pre-networking).
[[0;32m  OK  [0m] Reached target Network (Pre).
         Starting Network Service...
[[0;32m  OK  [0m] Started Network Service.
         Starting Wait for Network to be Configured...
         Starting Network Name Resolution...
[[0;32m  OK  [0m] Started Network Name Resolution.
[[0;32m  OK  [0m] Reached target Network.
[[0;32m  OK  [0m] Reached target Host and Network Name Lookups.
[[0;32m  OK  [0m] Started Wait for Network to be Configured.
         Starting Initial cloud-init job (metadata service crawler)...
[   16.880481] cloud-init[638]: Cloud-init v. 19.4-33-gbb4131a2-0ubuntu1~18.04.1 running 'init' at Tue, 16 Jun 2020 15:31:23 +0000. Up 16.69 seconds.
[   16.881936] cloud-init[638]: ci-info: ++++++++++++++++++++++++++++++++++++++Net device info+++++++++++++++++++++++++++++++++++++++
[   16.884141] cloud-init[638]: ci-info: +--------+------+-----------------------------+---------------+--------+-------------------+
[   16.887441] cloud-init[638]: ci-info: | Device |  Up  |           Address           |      Mask     | Scope  |     Hw-Address    |
[   16.888698] cloud-init[638]: ci-info: +--------+------+-----------------------------+---------------+--------+-------------------+
[   16.891030] cloud-init[638]: ci-info: | enp0s3 | True |          10.0.2.15          | 255.255.255.0 | global | 02:a1:1e:44:dc:c7 |
[   16.892039] cloud-init[638]: ci-info: | enp0s3 | True |  fe80::a1:1eff:fe44:dcc7/64 |       .       |  link  | 02:a1:1e:44:dc:c7 |
[   16.893318] cloud-init[638]: ci-info: | enp0s8 | True |         192.168.1.92        | 255.255.255.0 | global | 08:00:27:5f:31:27 |
[   16.894452] cloud-init[638]: ci-info: | enp0s8 | True | fe80::a00:27ff:fe5f:3127/64 |       .       |  link  | 08:00:27:5f:31:27 |
[   16.895572] cloud-init[638]: ci-info: |   lo   | True |          127.0.0.1          |   255.0.0.0   |  host  |         .         |
[   16.896918] cloud-init[638]: ci-info: |   lo   | True |           ::1/128           |       .       |  host  |         .         |
[   16.899116] cloud-init[638]: ci-info: +--------+------+-----------------------------+---------------+--------+-------------------+
[   16.900732] cloud-init[638]: ci-info: ++++++++++++++++++++++++++++Route IPv4 info+++++++++++++++++++++++++++++
[   16.901584] cloud-init[638]: ci-info: +-------+-------------+----------+-----------------+-----------+-------+
[   16.902584] cloud-init[638]: ci-info: | Route | Destination | Gateway  |     Genmask     | Interface | Flags |
[   16.903580] cloud-init[638]: ci-info: +-------+-------------+----------+-----------------+-----------+-------+
[   16.904598] cloud-init[638]: ci-info: |   0   |   0.0.0.0   | 10.0.2.2 |     0.0.0.0     |   enp0s3  |   UG  |
[   16.905580] cloud-init[638]: ci-info: |   1   |   10.0.2.0  | 0.0.0.0  |  255.255.255.0  |   enp0s3  |   U   |
[   16.906919] cloud-init[638]: ci-info: |   2   |   10.0.2.2  | 0.0.0.0  | 255.255.255.255 |   enp0s3  |   UH  |
[   16.907878] cloud-init[638]: ci-info: |   3   | 192.168.1.0 | 0.0.0.0  |  255.255.255.0  |   enp0s8  |   U   |
[   16.908742] cloud-init[638]: ci-info: +-------+-------------+----------+-----------------+-----------+-------+
[   16.911287] cloud-init[638]: ci-info: +++++++++++++++++++Route IPv6 info+++++++++++++++++++
[   16.913646] cloud-init[638]: ci-info: +-------+-------------+---------+-----------+-------+
[   16.914567] cloud-init[638]: ci-info: | Route | Destination | Gateway | Interface | Flags |
[   16.915454] cloud-init[638]: ci-info: +-------+-------------+---------+-----------+-------+
[   16.916344] cloud-init[638]: ci-info: |   1   |  fe80::/64  |    ::   |   enp0s8  |   U   |
[   16.917207] cloud-init[638]: ci-info: |   2   |  fe80::/64  |    ::   |   enp0s3  |   U   |
[   16.918112] cloud-init[638]: ci-info: |   4   |    local    |    ::   |   enp0s3  |   U   |
[   16.921424] cloud-init[638]: ci-info: |   5   |    local    |    ::   |   enp0s8  |   U   |
[   16.925026] cloud-init[638]: ci-info: |   6   |   ff00::/8  |    ::   |   enp0s8  |   U   |
[   16.926177] cloud-init[638]: ci-info: |   7   |   ff00::/8  |    ::   |   enp0s3  |   U   |
[   16.927461] cloud-init[638]: ci-info: +-------+-------------+---------+-----------+-------+
[[0;32m  OK  [0m] Started Initial cloud-init job (metadata service crawler).
[[0;32m  OK  [0m] Reached target Cloud-config availability.
[[0;32m  OK  [0m] Reached target System Initialization.
[[0;32m  OK  [0m] Listening on UUID daemon activation socket.
[[0;32m  OK  [0m] Started Daily apt download activities.
         Starting LXD - unix socket.
[[0;32m  OK  [0m] Started Daily Cleanup of Temporary Directories.
[[0;32m  OK  [0m] Listening on ACPID Listen Socket.
[[0;32m  OK  [0m] Listening on Open-iSCSI iscsid Socket.
[[0;32m  OK  [0m] Started Message of the Day.
         Starting Socket activation for snappy daemon.
[[0;32m  OK  [0m] Started Daily apt upgrade and clean activities.
[[0;32m  OK  [0m] Started ACPI Events Check.
[[0;32m  OK  [0m] Reached target Paths.
[[0;32m  OK  [0m] Listening on D-Bus System Message Bus Socket.
[[0;32m  OK  [0m] Started Discard unused blocks once a week.
[[0;32m  OK  [0m] Reached target Timers.
[[0;32m  OK  [0m] Reached target Network is Online.
         Starting Availability of block devices...
[[0;32m  OK  [0m] Reached target Remote File Systems (Pre).
[[0;32m  OK  [0m] Reached target Remote File Systems.
[[0;32m  OK  [0m] Listening on LXD - unix socket.
[[0;32m  OK  [0m] Listening on Socket activation for snappy daemon.
[[0;32m  OK  [0m] Reached target Sockets.
[[0;32m  OK  [0m] Reached target Basic System.
[[0;32m  OK  [0m] Started FUSE filesystem for LXC.
         Starting Dispatcher daemon for systemd-networkd...
         Starting Snappy daemon...
[[0;32m  OK  [0m] Started Regular background program processing daemon.
         Starting System Logging Service...
         Starting Lightweight Kubernetes...
[[0;32m  OK  [0m] Started Deferred execution scheduler.
         Starting Permit User Sessions...
         Starting Virtualbox guest utils...
         Starting Login Service...
         Starting OpenBSD Secure Shell server...
         Starting Accounts Service...
[[0;32m  OK  [0m] Started D-Bus System Message Bus.
[[0;32m  OK  [0m] Started Login Service.
[[0;32m  OK  [0m] Started Unattended Upgrades Shutdown.
         Starting LSB: Record successful boot for GRUB...
[[0;32m  OK  [0m] Started irqbalance daemon.
         Starting LSB: automatic crash report generation...
         Starting LXD - container startup/shutdown...
[[0;32m  OK  [0m] Started System Logging Service.
[[0;32m  OK  [0m] Started Availability of block devices.
[[0;32m  OK  [0m] Started Permit User Sessions.
         Starting Terminate Plymouth Boot Screen...
         Starting Hold until boot process finishes up...
[[0;32m  OK  [0m] Started Hold until boot process finishes up.
         Starting Set console scheme...
[[0;32m  OK  [0m] Started Serial Getty on ttyS0.
[[0;32m  OK  [0m] Started OpenBSD Secure Shell server.
[[0;32m  OK  [0m] Started Terminate Plymouth Boot Screen.
[[0;32m  OK  [0m] Started Set console scheme.
[[0;32m  OK  [0m] Created slice system-getty.slice.
[[0;32m  OK  [0m] Started Getty on tty1.
[[0;32m  OK  [0m] Reached target Login Prompts.
         Starting Authorization Manager...
[[0;32m  OK  [0m] Started LSB: automatic crash report generation.
[[0;32m  OK  [0m] Started LSB: Record successful boot for GRUB.
[[0;32m  OK  [0m] Started Virtualbox guest utils.
[[0;32m  OK  [0m] Started Authorization Manager.
[[0;32m  OK  [0m] Started Accounts Service.
[[0;32m  OK  [0m] Created slice User Slice of vagrant.
[[0;32m  OK  [0m] Started Dispatcher daemon for systemd-networkd.
         Starting User Manager for UID 1000...
[[0;32m  OK  [0m] Started Session 1 of user vagrant.
[[0;32m  OK  [0m] Started User Manager for UID 1000.
[[0;32m  OK  [0m] Started LXD - container startup/shutdown.

Ubuntu 18.04.4 LTS m3 ttyS0

m3 login: [   25.467332] cloud-init[1229]: Cloud-init v. 19.4-33-gbb4131a2-0ubuntu1~18.04.1 running 'modules:config' at Tue, 16 Jun 2020 15:31:31 +0000. Up 25.24 seconds.
[   42.651367] cloud-init[1761]: Cloud-init v. 19.4-33-gbb4131a2-0ubuntu1~18.04.1 running 'modules:final' at Tue, 16 Jun 2020 15:31:49 +0000. Up 42.41 seconds.
[   42.652987] cloud-init[1761]: Cloud-init v. 19.4-33-gbb4131a2-0ubuntu1~18.04.1 finished at Tue, 16 Jun 2020 15:31:49 +0000. Datasource DataSourceNoCloud [seed=/dev/sdb][dsmode=net].  Up 42.63 seconds
[[0;32m  OK  [0m] Stopped Unattended Upgrades Shutdown.
         Stopping Session 7 of user vagrant.
[[0;32m  OK  [0m] Stopped target Graphical Interface.
         Stopping Accounts Service...
[[0;32m  OK  [0m] Stopped target Host and Network Name Lookups.
[[0;32m  OK  [0m] Stopped target Timers.
[[0;32m  OK  [0m] Stopped Message of the Day.
[[0;32m  OK  [0m] Closed Load/Save RF Kill Switch Status /dev/rfkill Watch.
         Stopping User Manager for UID 1000...
[[0;32m  OK  [0m] Stopped Discard unused blocks once a week.
[[0;32m  OK  [0m] Stopped Daily apt upgrade and clean activities.
[[0;32m  OK  [0m] Stopped Daily apt download activities.
[[0;32m  OK  [0m] Stopped target System Time Synchronized.
         Stopping Availability of block devices...
[[0;32m  OK  [0m] Stopped target Cloud-init target.
[[0;32m  OK  [0m] Stopped Execute cloud user/final scripts.
[[0;32m  OK  [0m] Stopped Apply the settings specified in cloud-config.
[[0;32m  OK  [0m] Stopped target Cloud-config availability.
[[0;32m  OK  [0m] Stopped target Multi-User System.
[[0;32m  OK  [0m] Stopped Wait until snapd is fully seeded.
         Stopping D-Bus System Message Bus...
         Stopping Deferred execution scheduler...
         Stopping Regular background program processing daemon...
         Stopping OpenBSD Secure Shell server...
         Stopping Virtualbox guest utils...
         Stopping Authorization Manager...
         Stopping System Logging Service...
         Stopping LXD - container startup/shutdown...
[[0;32m  OK  [0m] Stopped target Login Prompts.
         Stopping Getty on tty1...
         Stopping Dispatcher daemon for systemd-networkd...
         Stopping FUSE filesystem for LXC...
         Stopping Serial Getty on ttyS0...
         Stopping Session 9 of user vagrant.
         Stopping LSB: automatic crash report generation...
         Stopping LSB: Record successful boot for GRUB...
[[0;32m  OK  [0m] Stopped target Network is Online.
[[0;32m  OK  [0m] Stopped Daily Cleanup of Temporary Directories.
[[0;32m  OK  [0m] Stopped Dispatcher daemon for systemd-networkd.
[[0;32m  OK  [0m] Stopped Regular background program processing daemon.
[[0;32m  OK  [0m] Stopped Deferred execution scheduler.
[[0;32m  OK  [0m] Stopped Accounts Service.
[[0;32m  OK  [0m] Stopped OpenBSD Secure Shell server.
[[0;32m  OK  [0m] Stopped Serial Getty on ttyS0.
[[0;32m  OK  [0m] Stopped Getty on tty1.
[[0;32m  OK  [0m] Stopped Authorization Manager.
[[0;32m  OK  [0m] Stopped Lightweight Kubernetes.
[[0;32m  OK  [0m] Stopped D-Bus System Message Bus.
[[0;32m  OK  [0m] Stopped Session 7 of user vagrant.
[[0;32m  OK  [0m] Stopped User Manager for UID 1000.
[[0;32m  OK  [0m] Removed slice system-getty.slice.
[[0;32m  OK  [0m] Removed slice system-serial\x2dgetty.slice.
[[0;32m  OK  [0m] Stopped Session 9 of user vagrant.
[[0;32m  OK  [0m] Removed slice User Slice of vagrant.
         Stopping Permit User Sessions...
         Stopping Login Service...
[[0;32m  OK  [0m] Stopped Login Service.
[[0;32m  OK  [0m] Stopped LXD - container startup/shutdown.
[[0;32m  OK  [0m] Stopped Permit User Sessions.
[[0;32m  OK  [0m] Stopped target Network.
         Stopping Network Name Resolution...
[[0;32m  OK  [0m] Stopped target User and Group Name Lookups.
[[0;32m  OK  [0m] Unmounted /var/lib/lxcfs.
[[0;32m  OK  [0m] Stopped Network Name Resolution.
         Stopping Network Service...
[[0;32m  OK  [0m] Stopped System Logging Service.
[[0;32m  OK  [0m] Stopped FUSE filesystem for LXC.
[[0;32m  OK  [0m] Stopped Network Service.
[[0;32m  OK  [0m] Stopped target Network (Pre).
[[0;32m  OK  [0m] Stopped LSB: Record successful boot for GRUB.
[[0;32m  OK  [0m] Stopped Availability of block devices.
[[0;32m  OK  [0m] Stopped LSB: automatic crash report generation.
[[0;32m  OK  [0m] Stopped target Remote File Systems.
[[0;32m  OK  [0m] Stopped target Remote File Systems (Pre).
[[0;32m  OK  [0m] Stopped Virtualbox guest utils.
[[0;32m  OK  [0m] Stopped target Basic System.
[[0;32m  OK  [0m] Stopped target Slices.
[[0;32m  OK  [0m] Removed slice User and Session Slice.
[[0;32m  OK  [0m] Stopped target Sockets.
[[0;32m  OK  [0m] Closed UUID daemon activation socket.
[[0;32m  OK  [0m] Closed Socket activation for snappy daemon.
[[0;32m  OK  [0m] Closed ACPID Listen Socket.
[[0;32m  OK  [0m] Closed D-Bus System Message Bus Socket.
[[0;32m  OK  [0m] Closed LXD - unix socket.
[[0;32m  OK  [0m] Closed Syslog Socket.
[[0;32m  OK  [0m] Closed Open-iSCSI iscsid Socket.
[[0;32m  OK  [0m] Stopped target Paths.
[[0;32m  OK  [0m] Stopped ACPI Events Check.
[[0;32m  OK  [0m] Stopped target System Initialization.
[[0;32m  OK  [0m] Stopped target Local Encrypted Volumes.
[[0;32m  OK  [0m] Stopped Forward Password Requests to Wall Directory Watch.
[[0;32m  OK  [0m] Stopped Dispatch Password Requests to Console Directory Watch.
         Stopping Update UTMP about System Boot/Shutdown...
[[0;32m  OK  [0m] Stopped Initial cloud-init job (metadata service crawler).
[[0;32m  OK  [0m] Stopped Initial cloud-init job (pre-networking).
[[0;32m  OK  [0m] Stopped Apply Kernel Variables.
[[0;32m  OK  [0m] Stopped Load Kernel Modules.
         Stopping Load/Save Random Seed...
[[0;32m  OK  [0m] Stopped Update UTMP about System Boot/Shutdown.
[[0;32m  OK  [0m] Stopped Create Volatile Files and Directories.
[[0;32m  OK  [0m] Stopped target Local File Systems.
         Unmounting /run/k3s/containerd/io.c…1bc77f8b76d83e3fafdc9814/rootfs...
    [[0;32m  OK  [0m] Stopped Unattended Upgrades Shutdown.
         Stopping Availability of block devices...
         Stopping Session 8 of user vagrant.
         Stopping Authorization Manager...
         Stopping Session 6 of user vagrant.
[[0;32m  OK  [0m] Closed Load/Save RF Kill Switch Status /dev/rfkill Watch.
[[0;32m  OK  [0m] Stopped target Host and Network Name Lookups.
         Stopping User Manager for UID 1000...
[[0;32m  OK  [0m] Stopped target Graphical Interface.
         Stopping Accounts Service...
[[0;32m  OK  [0m] Stopped target Timers.
[[0;32m  OK  [0m] Stopped Daily apt upgrade and clean activities.
[[0;32m  OK  [0m] Stopped Daily apt download activities.
[[0;32m  OK  [0m] Stopped Discard unused blocks once a week.
[[0;32m  OK  [0m] Stopped Message of the Day.
[[0;32m  OK  [0m] Stopped target System Time Synchronized.
[[0;32m  OK  [0m] Stopped target Cloud-init target.
[[0;32m  OK  [0m] Stopped Execute cloud user/final scripts.
[[0;32m  OK  [0m] Stopped Apply the settings specified in cloud-config.
[[0;32m  OK  [0m] Stopped target Cloud-config availability.
[[0;32m  OK  [0m] Stopped target Network is Online.
[[0;32m  OK  [0m] Stopped target Multi-User System.
[[0;32m  OK  [0m] Stopped target Login Prompts.
         Stopping Getty on tty1...
         Stopping Serial Getty on ttyS0...
         Stopping LSB: Record successful boot for GRUB...
         Stopping OpenBSD Secure Shell server...
         Stopping Deferred execution scheduler...
         Stopping Virtualbox guest utils...
         Stopping Dispatcher daemon for systemd-networkd...
         Stopping D-Bus System Message Bus...
         Stopping FUSE filesystem for LXC...
         Stopping LXD - container startup/shutdown...
         Stopping System Logging Service...
         Stopping LSB: automatic crash report generation...
         Stopping Regular background program processing daemon...
[[0;32m  OK  [0m] Stopped Daily Cleanup of Temporary Directories.
[[0;32m  OK  [0m] Stopped Wait until snapd is fully seeded.
[[0;32m  OK  [0m] Stopped Dispatcher daemon for systemd-networkd.
[[0;32m  OK  [0m] Stopped Regular background program processing daemon.
[[0;32m  OK  [0m] Stopped Serial Getty on ttyS0.
[[0;32m  OK  [0m] Stopped Accounts Service.
[[0;32m  OK  [0m] Stopped Deferred execution scheduler.
[[0;32m  OK  [0m] Stopped Getty on tty1.
[[0;32m  OK  [0m] Stopped Authorization Manager.
[[0;32m  OK  [0m] Stopped OpenBSD Secure Shell server.
[[0;32m  OK  [0m] Stopped Lightweight Kubernetes.
[[0;32m  OK  [0m] Stopped D-Bus System Message Bus.
[[0;32m  OK  [0m] Stopped Session 6 of user vagrant.
[[0;32m  OK  [0m] Stopped Session 8 of user vagrant.
[[0;32m  OK  [0m] Removed slice system-getty.slice.
[[0;32m  OK  [0m] Removed slice system-serial\x2dgetty.slice.
[[0;32m  OK  [0m] Stopped LXD - container startup/shutdown.
[[0;32m  OK  [0m] Stopped User Manager for UID 1000.
[[0;32m  OK  [0m] Removed slice User Slice of vagrant.
         Stopping Login Service...
         Stopping Permit User Sessions...
[[0;32m  OK  [0m] Stopped Login Service.
[[0;32m  OK  [0m] Unmounted /var/lib/lxcfs.
[[0;32m  OK  [0m] Stopped Permit User Sessions.
[[0;32m  OK  [0m] Stopped target Network.
         Stopping Network Name Resolution...
[[0;32m  OK  [0m] Stopped target User and Group Name Lookups.
[[0;32m  OK  [0m] Stopped FUSE filesystem for LXC.
[[0;32m  OK  [0m] Stopped Availability of block devices.
[[0;32m  OK  [0m] Stopped System Logging Service.
[[0;32m  OK  [0m] Stopped Network Name Resolution.
         Stopping Network Service...
[[0;32m  OK  [0m] Stopped Network Service.
[[0;32m  OK  [0m] Stopped target Network (Pre).
[[0;32m  OK  [0m] Stopped LSB: Record successful boot for GRUB.
[[0;32m  OK  [0m] Stopped LSB: automatic crash report generation.
[[0;32m  OK  [0m] Stopped target Remote File Systems.
[[0;32m  OK  [0m] Stopped target Remote File Systems (Pre).
[[0;32m  OK  [0m] Stopped Virtualbox guest utils.
[[0;32m  OK  [0m] Stopped target Basic System.
[[0;32m  OK  [0m] Stopped target Sockets.
[[0;32m  OK  [0m] Closed UUID daemon activation socket.
[[0;32m  OK  [0m] Closed Open-iSCSI iscsid Socket.
[[0;32m  OK  [0m] Closed Socket activation for snappy daemon.
[[0;32m  OK  [0m] Closed Syslog Socket.
[[0;32m  OK  [0m] Closed D-Bus System Message Bus Socket.
[[0;32m  OK  [0m] Closed ACPID Listen Socket.
[[0;32m  OK  [0m] Closed LXD - unix socket.
[[0;32m  OK  [0m] Stopped target Paths.
[[0;32m  OK  [0m] Stopped ACPI Events Check.
[[0;32m  OK  [0m] Stopped target System Initialization.
[[0;32m  OK  [0m] Stopped target Local Encrypted Volumes.
[[0;32m  OK  [0m] Stopped Forward Password Requests to Wall Directory Watch.
         Stopping Load/Save Random Seed...
[[0;32m  OK  [0m] Stopped Initial cloud-init job (metadata service crawler).
[[0;32m  OK  [0m] Stopped Initial cloud-init job (pre-networking).
[[0;32m  OK  [0m] Stopped Apply Kernel Variables.
[[0;32m  OK  [0m] Stopped Commit a transient machine-id on disk.
         Stopping Update UTMP about System Boot/Shutdown...
[[0;32m  OK  [0m] Stopped Load Kernel Modules.
[[0;32m  OK  [0m] Stopped Dispatch Password Requests to Console Directory Watch.
[[0;32m  OK  [0m] Stopped target Slices.
[[0;32m  OK  [0m] Removed slice User and Session Slice.
[[0;32m  OK  [0m] Stopped Load/Save Random Seed.
[[0;32m  OK  [0m] Stopped Update UTMP about System Boot/Shutdown.
[[0;32m  OK  [0m] Stopped Create Volatile Files and Directories.
[[0;32m  OK  [0m] Stopped target Local File Systems.
         Unmounting /run/k3s/containerd/io.c…eaf6a3628b5b131a9c0964b6ed8/shm...
         Unmounting /run/k3s/containerd/io.c…5c2af002b6c491d9f251577838b/shm...
         Unmounting /run/k3s/containerd/io.c…249a6421faa5164f68c775b0/rootfs...
         Unmounting /run/k3s/containerd/io.c…03af32948b9fec010142d358/rootfs...
         Unmounting /run/k3s/containerd/io.c…809f8c40d94e1b0a3ca0bf1e/rootfs...
         Unmounting /vagrant...
         Unmounting /var/lib/kubelet/pods/22…s.io~secret/coredns-token-sl5bg...
         Unmounting /run/k3s/containerd/io.c…a3a8146e77b36aae92079ebb9ca/shm...
         Unmounting /run/k3s/containerd/io.c…5e8809f8c40d94e1b0a3ca0bf1e/shm...
         Unmounting /var/lib/kubelet/pods/0c…s.io~secret/default-token-dc6h2...
         Unmounting /run/user/1000...
         Unmounting /run/k3s/containerd/io.c…3519f5d1a046faf2fab5f889/rootfs...
         Unmounting /run/k3s/containerd/io.c…d8d1931f156ef18b3245ee95/rootfs...
         Unmounting /run/k3s/containerd/io.c…44183001d253dc9388b59be8/rootfs...
         Unmounting /run/netns/cni-6f90e0e0-94b0-21c9-0f8a-9dd6a5604971...
         Unmounting /run/k3s/containerd/io.c…6a3628b5b131a9c0964b6ed8/rootfs...
         Unmounting /var/lib/kubelet/pods/db…s.io~secret/traefik-token-2fttv...
         Unmounting /run/k3s/containerd/io.c…12fe141e4fb1a1ea3fcd2563/rootfs...
         Unmounting /run/k3s/containerd/io.c…af002b6c491d9f251577838b/rootfs...
         Unmounting /var/lib/kubelet/pods/db…olumes/kubernetes.io~secret/ssl...
         Unmounting /run/netns/cni-a6153274-e0d6-6863-cda3-42de3d9006f2...
         Unmounting /run/netns/cni-ad5e826b-7105-452c-e9eb-b8528273ed59...
         Unmounting /run/k3s/containerd/io.c…cd8d8d1931f156ef18b3245ee95/shm...
         Unmounting /run/k3s/containerd/io.c…8146e77b36aae92079ebb9ca/rootfs...
         Unmounting /run/netns/cni-6ae52980-fc53-21d9-1a6e-4896d0c4a989...
         Unmounting /run/k3s/containerd/io.c…486a0ba74c9f900a3192cf77/rootfs...
         Unmounting /var/lib/kubelet/pods/69…cret/metrics-server-token-tncm2...
         Unmounting /var/lib/kubelet/pods/7b…ner-service-account-token-4fqtn...
         Unmounting /run/netns/cni-b4df5691-89e3-47c2-9045-99a2a4ce06be...
[[0;32m  OK  [0m] Unmounted /run/k3s/containerd/io.co…3feaf6a3628b5b131a9c0964b6ed8/shm.
[[0;32m  OK  [0m] Unmounted /run/k3s/containerd/io.co…dc5c2af002b6c491d9f251577838b/shm.
[[0;32m  OK  [0m] Unmounted /run/k3s/containerd/io.co…c0249a6421faa5164f68c775b0/rootfs.
[[0;32m  OK  [0m] Unmounted /run/k3s/containerd/io.co…e8809f8c40d94e1b0a3ca0bf1e/rootfs.
[[0;32m  OK  [0m] Unmounted /run/k3s/containerd/io.co…ca5e8809f8c40d94e1b0a3ca0bf1e/shm.
[[0;32m  OK  [0m] Unmounted /var/lib/kubelet/pods/0c7…tes.io~secret/default-token-dc6h2.
[[0;32m  OK  [0m] Unmounted /run/k3s/containerd/io.co…3a44183001d253dc9388b59be8/rootfs.
[[0;32m  OK  [0m] Unmounted /run/netns/cni-6f90e0e0-94b0-21c9-0f8a-9dd6a5604971.
[[0;32m  OK  [0m] Unmounted /run/k3s/containerd/io.co…9603af32948b9fec010142d358/rootfs.
[[0;32m  OK  [0m] Unmounted /var/lib/kubelet/pods/22f…tes.io~secret/coredns-token-sl5bg.
[[0;32m  OK  [0m] Unmounted /vagrant.
[[0;32m  OK  [0m] Unmounted /run/k3s/containerd/io.co…47a3a8146e77b36aae92079ebb9ca/shm.
[[0;32m  OK  [0m] Unmounted /run/user/1000.
[[0;32m  OK  [0m] Unmounted /run/k3s/containerd/io.co…563519f5d1a046faf2fab5f889/rootfs.
[[0;32m  OK  [0m] Unmounted /run/k3s/containerd/io.co…d8d8d1931f156ef18b3245ee95/rootfs.
[[0;32m  OK  [0m] Unmounted /run/k3s/containerd/io.co…af6a3628b5b131a9c0964b6ed8/rootfs.
[[0;32m  OK  [0m] Unmounted /var/lib/kubelet/pods/dbe…tes.io~secret/traefik-token-2fttv.
[[0;32m  OK  [0m] Unmounted /run/k3s/containerd/io.co…d112fe141e4fb1a1ea3fcd2563/rootfs.
[[0;32m  OK  [0m] Unmounted /run/k3s/containerd/io.co…c2af002b6c491d9f251577838b/rootfs.
[[0;32m  OK  [0m] Unmounted /var/lib/kubelet/pods/dbe…/volumes/kubernetes.io~secret/ssl.
[[0;32m  OK  [0m] Unmounted /run/netns/cni-a6153274-e0d6-6863-cda3-42de3d9006f2.
[[0;32m  OK  [0m] Unmounted /run/netns/cni-ad5e826b-7105-452c-e9eb-b8528273ed59.
[[0;32m  OK  [0m] Unmounted /run/k3s/containerd/io.co…5dcd8d8d1931f156ef18b3245ee95/shm.
[[0;32m  OK  [0m] Unmounted /run/k3s/containerd/io.co…3a8146e77b36aae92079ebb9ca/rootfs.
[[0;32m  OK  [0m] Unmounted /run/netns/cni-6ae52980-fc53-21d9-1a6e-4896d0c4a989.
[[0;32m  OK  [0m] Unmounted /run/k3s/containerd/io.co…93486a0ba74c9f900a3192cf77/rootfs.
[[0;32m  OK  [0m] Unmounted /var/lib/kubelet/pods/695…secret/metrics-server-token-tncm2.
[[0;32m  OK  [0m] Unmounted /var/lib/kubelet/pods/7be…ioner-service-account-token-4fqtn.
[[0;32m  OK  [0m] Unmounted /run/netns/cni-b4df5691-89e3-47c2-9045-99a2a4ce06be.
[[0;32m  OK  [0m] Reached target Unmount All Filesystems.
[[0;32m  OK  [0m] Stopped target Swap.
[[0;32m  OK  [0m] Stopped target Local File Systems (Pre).
         Stopping Monitoring of LVM2 mirrors…ng dmeventd or progress polling...
[[0;32m  OK  [0m] Stopped Remount Root and Kernel File Systems.
[[0;32m  OK  [0m] Stopped Create Static Device Nodes in /dev.
[[0;32m  OK  [0m] Reached target Shutdown.
[[0;32m  OK  [0m] Reached target Final Step.
         Starting Power-Off...
